Name:           cc697w-tdpi-clamp-clamp-dash-es-7b579d7566-8b45j
Namespace:      onap
Priority:       0
Node:           aks-nodepool1-30751440-4/169.1.0.10
Start Time:     Tue, 24 Sep 2019 16:52:36 +0000
Labels:         app=clamp-dash-es
                pod-template-hash=7b579d7566
                release=cc697w-tdpi-clamp
Annotations:    <none>
Status:         Pending
IP:             10.244.0.60
Controlled By:  ReplicaSet/cc697w-tdpi-clamp-clamp-dash-es-7b579d7566
Init Containers:
  init-sysctl:
    Container ID:  docker://77fcaf61f10618ea71c71f7a7336b6e5e81761378ba387ff8f7b3a0d97de4717
    Image:         registry.hub.docker.com/library/busybox:latest
    Image ID:      docker-pullable://busybox@sha256:fe301db49df08c384001ed752dff6d52b4305a73a7f608f21528048e8a08b51e
    Port:          <none>
    Host Port:     <none>
    Command:
      /bin/sh
      -c
      sysctl -w vm.max_map_count=262144
      mkdir -p /usr/share/elasticsearch/logs
      mkdir -p /usr/share/elasticsearch/data
      chmod -R 777 /usr/share/elasticsearch
      
    State:          Terminated
      Reason:       Completed
      Exit Code:    0
      Started:      Tue, 24 Sep 2019 16:52:41 +0000
      Finished:     Tue, 24 Sep 2019 16:52:41 +0000
    Ready:          True
    Restart Count:  0
    Environment:
      NAMESPACE:  onap (v1:metadata.namespace)
    Mounts:
      /usr/share/elasticsearch/data/ from cc697w-tdpi-clamp-clamp-dash-es-data (rw)
      /usr/share/elasticsearch/logs/ from cc697w-tdpi-clamp-clamp-dash-es-logs (rw)
      /var/run/secrets/kubernetes.io/serviceaccount from default-token-9l7dw (ro)
Containers:
  clamp-dash-es:
    Container ID:   
    Image:          onapci.westus2.cloudapp.azure.com:443/new-build/clamp-dashboard-elasticsearch:95897-2
    Image ID:       
    Ports:          9200/TCP, 9300/TCP
    Host Ports:     0/TCP, 0/TCP
    State:          Waiting
      Reason:       ImagePullBackOff
    Ready:          False
    Restart Count:  0
    Limits:
      cpu:     1
      memory:  4Gi
    Requests:
      cpu:        10m
      memory:     2560Mi
    Liveness:     tcp-socket :9200 delay=10s timeout=1s period=10s #success=1 #failure=3
    Readiness:    tcp-socket :9300 delay=10s timeout=1s period=10s #success=1 #failure=3
    Environment:  <none>
    Mounts:
      /etc/localtime from localtime (ro)
      /usr/share/elasticsearch/config/elasticsearch.yml from cc697w-tdpi-clamp-clamp-dash-es-config (rw,path="elasticsearch.yml")
      /usr/share/elasticsearch/data/ from cc697w-tdpi-clamp-clamp-dash-es-data (rw)
      /var/run/secrets/kubernetes.io/serviceaccount from default-token-9l7dw (ro)
Conditions:
  Type              Status
  Initialized       True 
  Ready             False 
  ContainersReady   False 
  PodScheduled      True 
Volumes:
  localtime:
    Type:          HostPath (bare host directory volume)
    Path:          /etc/localtime
    HostPathType:  
  cc697w-tdpi-clamp-clamp-dash-es-config:
    Type:      ConfigMap (a volume populated by a ConfigMap)
    Name:      cc697w-tdpi-clamp-clamp-dash-es-configmap
    Optional:  false
  cc697w-tdpi-clamp-clamp-dash-es-data:
    Type:       PersistentVolumeClaim (a reference to a PersistentVolumeClaim in the same namespace)
    ClaimName:  cc697w-tdpi-clamp-clamp-dash-es
    ReadOnly:   false
  cc697w-tdpi-clamp-clamp-dash-es-logs:
    Type:          HostPath (bare host directory volume)
    Path:          /dockerdata-nfs/cc697w-tdpi-clamp/clamp
    HostPathType:  
  default-token-9l7dw:
    Type:        Secret (a volume populated by a Secret)
    SecretName:  default-token-9l7dw
    Optional:    false
QoS Class:       Burstable
Node-Selectors:  <none>
Tolerations:     node.kubernetes.io/not-ready:NoExecute for 300s
                 node.kubernetes.io/unreachable:NoExecute for 300s
Events:
  Type     Reason   Age                   From                               Message
  ----     ------   ----                  ----                               -------
  Normal   Pulling  20m (x213 over 18h)   kubelet, aks-nodepool1-30751440-4  Pulling image "onapci.westus2.cloudapp.azure.com:443/new-build/clamp-dashboard-elasticsearch:95897-2"
  Warning  Failed   10m (x4736 over 18h)  kubelet, aks-nodepool1-30751440-4  Error: ImagePullBackOff
  Normal   BackOff  24s (x4781 over 18h)  kubelet, aks-nodepool1-30751440-4  Back-off pulling image "onapci.westus2.cloudapp.azure.com:443/new-build/clamp-dashboard-elasticsearch:95897-2"
