Name:           cc697w-tdpi-so-so-vnfm-adapter-6d5856998d-6m6kc
Namespace:      onap
Priority:       0
Node:           aks-nodepool1-30751440-0/169.1.0.6
Start Time:     Fri, 27 Sep 2019 13:07:56 +0000
Labels:         app=so-vnfm-adapter
                pod-template-hash=6d5856998d
                release=cc697w-tdpi-so
Annotations:    <none>
Status:         Running
IP:             10.244.3.118
Controlled By:  ReplicaSet/cc697w-tdpi-so-so-vnfm-adapter-6d5856998d
Containers:
  so-vnfm-adapter:
    Container ID:   docker://84497e8ec4d6d8cc2515a12d29502f37ef4c9459502d16e15513d93b022c1a3a
    Image:          onapci.westus2.cloudapp.azure.com:443/new-build/so/vnfm-adapter:96250-2
    Image ID:       docker-pullable://onapci.westus2.cloudapp.azure.com:443/new-build/so/vnfm-adapter@sha256:24e00ad8d10caeb71b331c94d5e4b283e797d2f00946b60169b2a9ef8f5f092e
    Port:           9092/TCP
    Host Port:      0/TCP
    State:          Running
      Started:      Fri, 27 Sep 2019 15:01:07 +0000
    Ready:          True
    Restart Count:  0
    Limits:
      cpu:     2
      memory:  4Gi
    Requests:
      cpu:     500m
      memory:  1Gi
    Liveness:  tcp-socket :9092 delay=600s timeout=1s period=60s #success=1 #failure=3
    Environment Variables from:
      cc697w-tdpi-so-so-vnfm-adapter-configmap  ConfigMap  Optional: false
    Environment:                                <none>
    Mounts:
      /app/config from config (ro)
      /app/logs from logs (rw)
      /var/run/secrets/kubernetes.io/serviceaccount from default-token-9l7dw (ro)
Conditions:
  Type              Status
  Initialized       True 
  Ready             True 
  ContainersReady   True 
  PodScheduled      True 
Volumes:
  logs:
    Type:       EmptyDir (a temporary directory that shares a pod's lifetime)
    Medium:     
    SizeLimit:  <unset>
  config:
    Type:      ConfigMap (a volume populated by a ConfigMap)
    Name:      cc697w-tdpi-so-so-vnfm-adapter-app-configmap
    Optional:  false
  default-token-9l7dw:
    Type:        Secret (a volume populated by a Secret)
    SecretName:  default-token-9l7dw
    Optional:    false
QoS Class:       Burstable
Node-Selectors:  <none>
Tolerations:     node.kubernetes.io/not-ready:NoExecute for 300s
                 node.kubernetes.io/unreachable:NoExecute for 300s
Events:
  Type     Reason   Age                   From                               Message
  ----     ------   ----                  ----                               -------
  Warning  Failed   17m (x460 over 122m)  kubelet, aks-nodepool1-30751440-0  Error: ImagePullBackOff
  Normal   BackOff  12m (x483 over 122m)  kubelet, aks-nodepool1-30751440-0  Back-off pulling image "onapci.westus2.cloudapp.azure.com:443/new-build/so/vnfm-adapter:96250-2"
