Name:           cc697w-tdpi-clamp-clamp-67cdd4dc56-wwkrx
Namespace:      onap
Priority:       0
Node:           aks-nodepool1-30751440-4/169.1.0.10
Start Time:     Tue, 24 Sep 2019 16:52:36 +0000
Labels:         app=clamp
                pod-template-hash=67cdd4dc56
                release=cc697w-tdpi-clamp
Annotations:    <none>
Status:         Running
IP:             10.244.0.59
Controlled By:  ReplicaSet/cc697w-tdpi-clamp-clamp-67cdd4dc56
Init Containers:
  clamp-readiness:
    Container ID:  docker://6afa2ca48d481acff2f132fe2e7b7f62b92614317491ab01b0bb8e1b69b769e2
    Image:         oomk8s/readiness-check:2.0.0
    Image ID:      docker-pullable://oomk8s/readiness-check@sha256:7daa08b81954360a1111d03364febcb3dcfeb723bcc12ce3eb3ed3e53f2323ed
    Port:          <none>
    Host Port:     <none>
    Command:
      /root/ready.py
    Args:
      --container-name
      clamp-backend
    State:          Terminated
      Reason:       Completed
      Exit Code:    0
      Started:      Tue, 24 Sep 2019 16:52:40 +0000
      Finished:     Tue, 24 Sep 2019 16:53:40 +0000
    Ready:          True
    Restart Count:  0
    Environment:
      NAMESPACE:  onap (v1:metadata.namespace)
    Mounts:
      /var/run/secrets/kubernetes.io/serviceaccount from default-token-9l7dw (ro)
Containers:
  clamp-filebeat-onap:
    Container ID:   docker://b914ecd089e096ae45373cda4be0d820959dea1ead0e801ffe4eb06c9c5e85fd
    Image:          docker.elastic.co/beats/filebeat:5.5.0
    Image ID:       docker-pullable://docker.elastic.co/beats/filebeat@sha256:fe7602b641ed8ee288f067f7b31ebde14644c4722d9f7960f176d621097a5942
    Port:           <none>
    Host Port:      <none>
    State:          Running
      Started:      Tue, 24 Sep 2019 16:53:43 +0000
    Ready:          True
    Restart Count:  0
    Environment:    <none>
    Mounts:
      /usr/share/filebeat/data from cc697w-tdpi-clamp-clamp-data-filebeat (rw)
      /usr/share/filebeat/filebeat.yml from cc697w-tdpi-clamp-clamp-filebeat-conf (rw,path="filebeat.yml")
      /var/log/nginx/ from cc697w-tdpi-clamp-clamp-logs (rw)
      /var/run/secrets/kubernetes.io/serviceaccount from default-token-9l7dw (ro)
  clamp:
    Container ID:   docker://67e81d125412cd991573aa2efb6798a12b6fdf2594fb80a29c96979e208436ed
    Image:          onapci.westus2.cloudapp.azure.com:443/new-build/clamp-frontend:95897-2
    Image ID:       docker-pullable://onapci.westus2.cloudapp.azure.com:443/new-build/clamp-frontend@sha256:6802923916ef8509a07b620d7aea14e78bd24febefca434c9ffee46484adea1d
    Port:           443/TCP
    Host Port:      0/TCP
    State:          Running
      Started:      Tue, 24 Sep 2019 16:53:46 +0000
    Ready:          True
    Restart Count:  0
    Limits:
      cpu:     1
      memory:  200Mi
    Requests:
      cpu:        10m
      memory:     50Mi
    Liveness:     tcp-socket :443 delay=120s timeout=1s period=10s #success=1 #failure=3
    Readiness:    tcp-socket :443 delay=10s timeout=1s period=10s #success=1 #failure=3
    Environment:  <none>
    Mounts:
      /etc/nginx/conf.d/nginx.conf from cc697w-tdpi-clamp-clamp-config (rw,path="nginx.conf")
      /var/log/nginx/ from cc697w-tdpi-clamp-clamp-logs (rw)
      /var/run/secrets/kubernetes.io/serviceaccount from default-token-9l7dw (ro)
Conditions:
  Type              Status
  Initialized       True 
  Ready             True 
  ContainersReady   True 
  PodScheduled      True 
Volumes:
  cc697w-tdpi-clamp-clamp-config:
    Type:      ConfigMap (a volume populated by a ConfigMap)
    Name:      cc697w-tdpi-clamp-clamp
    Optional:  false
  cc697w-tdpi-clamp-clamp-filebeat-conf:
    Type:      ConfigMap (a volume populated by a ConfigMap)
    Name:      cc697w-tdpi-clamp-clamp-filebeat-configmap
    Optional:  false
  cc697w-tdpi-clamp-clamp-data-filebeat:
    Type:       EmptyDir (a temporary directory that shares a pod's lifetime)
    Medium:     
    SizeLimit:  <unset>
  cc697w-tdpi-clamp-clamp-logs:
    Type:       EmptyDir (a temporary directory that shares a pod's lifetime)
    Medium:     
    SizeLimit:  <unset>
  default-token-9l7dw:
    Type:        Secret (a volume populated by a Secret)
    SecretName:  default-token-9l7dw
    Optional:    false
QoS Class:       Burstable
Node-Selectors:  <none>
Tolerations:     node.kubernetes.io/not-ready:NoExecute for 300s
                 node.kubernetes.io/unreachable:NoExecute for 300s
Events:          <none>
