Name:           cc697w-tdpi-so-so-request-db-adapter-655868fc67-cvb7k
Namespace:      onap
Priority:       0
Node:           aks-nodepool1-30751440-1/169.1.0.9
Start Time:     Tue, 01 Oct 2019 10:39:05 +0000
Labels:         app=so-request-db-adapter
                pod-template-hash=655868fc67
                release=cc697w-tdpi-so
Annotations:    <none>
Status:         Running
IP:             10.244.1.45
Controlled By:  ReplicaSet/cc697w-tdpi-so-so-request-db-adapter-655868fc67
Init Containers:
  so-request-db-adapter-readiness:
    Container ID:  docker://3b927a7e12a65f361eaa76c153e6a96c63d5ebb73d509bf2075d89d4def1c74b
    Image:         oomk8s/readiness-check:2.0.2
    Image ID:      docker-pullable://oomk8s/readiness-check@sha256:875814cc853d7d9b3227165740584c347884bc8c0d831b4148cb5f7952e4cbff
    Port:          <none>
    Host Port:     <none>
    Command:
      /root/job_complete.py
    Args:
      --job-name
      cc697w-tdpi-so-so-mariadb-config-job
    State:          Terminated
      Reason:       Completed
      Exit Code:    0
      Started:      Tue, 01 Oct 2019 10:39:10 +0000
      Finished:     Tue, 01 Oct 2019 10:39:30 +0000
    Ready:          True
    Restart Count:  0
    Environment:
      NAMESPACE:  onap (v1:metadata.namespace)
    Mounts:
      /var/run/secrets/kubernetes.io/serviceaccount from default-token-9l7dw (ro)
Containers:
  so-request-db-adapter:
    Container ID:   docker://8e4800c608f40b41615b8d0f9e9b53d4e26cebe5406adaf03e6e729a5114c36d
    Image:          onapci.westus2.cloudapp.azure.com:443/new-build/so/request-db-adapter:96250-2
    Image ID:       docker-pullable://onapci.westus2.cloudapp.azure.com:443/new-build/so/request-db-adapter@sha256:e7b039480017a953339f461c0e6717a4c4118d4bd9dc0f2f21f1caf660aa7eb5
    Port:           8083/TCP
    Host Port:      0/TCP
    State:          Running
      Started:      Tue, 01 Oct 2019 10:39:44 +0000
    Ready:          True
    Restart Count:  0
    Limits:
      cpu:     2
      memory:  4Gi
    Requests:
      cpu:     500m
      memory:  1Gi
    Liveness:  http-get http://:8083/manage/health delay=600s timeout=10s period=60s #success=1 #failure=3
    Environment Variables from:
      cc697w-tdpi-so-so-request-db-adapter-configmap  ConfigMap  Optional: false
    Environment:
      DB_HOST:              <set to the key 'mariadb.readwrite.host' in secret 'cc697w-tdpi-so-so-db-secrets'>      Optional: false
      DB_PORT:              <set to the key 'mariadb.readwrite.port' in secret 'cc697w-tdpi-so-so-db-secrets'>      Optional: false
      DB_USERNAME:          <set to the key 'mariadb.readwrite.rolename' in secret 'cc697w-tdpi-so-so-db-secrets'>  Optional: false
      DB_PASSWORD:          <set to the key 'mariadb.readwrite.password' in secret 'cc697w-tdpi-so-so-db-secrets'>  Optional: false
      DB_ADMIN_USERNAME:    <set to the key 'mariadb.admin.rolename' in secret 'cc697w-tdpi-so-so-db-secrets'>      Optional: false
      DB_ADMIN_PASSWORD:    <set to the key 'mariadb.admin.password' in secret 'cc697w-tdpi-so-so-db-secrets'>      Optional: false
      TRUSTSTORE:           /app/org.onap.so.trust.jks
      TRUSTSTORE_PASSWORD:  <set to the key 'trustStorePassword' in secret 'cc697w-tdpi-so-so-trust-pass-secret'>  Optional: false
    Mounts:
      /app/config from config (ro)
      /app/logs from logs (rw)
      /app/org.onap.so.trust.jks from so-trust-secret (ro,path="org.onap.so.trust.jks")
      /app/so.keyfile from aaf-keyfile-secret (ro,path="so.keyfile")
      /var/run/secrets/kubernetes.io/serviceaccount from default-token-9l7dw (ro)
Conditions:
  Type              Status
  Initialized       True 
  Ready             True 
  ContainersReady   True 
  PodScheduled      True 
Volumes:
  logs:
    Type:       EmptyDir (a temporary directory that shares a pod's lifetime)
    Medium:     
    SizeLimit:  <unset>
  config:
    Type:      ConfigMap (a volume populated by a ConfigMap)
    Name:      cc697w-tdpi-so-so-request-db-adapter-app-configmap
    Optional:  false
  so-trust-secret:
    Type:        Secret (a volume populated by a Secret)
    SecretName:  cc697w-tdpi-so-so-trust-secret
    Optional:    false
  aaf-keyfile-secret:
    Type:        Secret (a volume populated by a Secret)
    SecretName:  cc697w-tdpi-so-so-keyfile-secret
    Optional:    false
  default-token-9l7dw:
    Type:        Secret (a volume populated by a Secret)
    SecretName:  default-token-9l7dw
    Optional:    false
QoS Class:       Burstable
Node-Selectors:  <none>
Tolerations:     node.kubernetes.io/not-ready:NoExecute for 300s
                 node.kubernetes.io/unreachable:NoExecute for 300s
Events:
  Type    Reason     Age    From                               Message
  ----    ------     ----   ----                               -------
  Normal  Scheduled  5m33s  default-scheduler                  Successfully assigned onap/cc697w-tdpi-so-so-request-db-adapter-655868fc67-cvb7k to aks-nodepool1-30751440-1
  Normal  Pulling    5m31s  kubelet, aks-nodepool1-30751440-1  Pulling image "oomk8s/readiness-check:2.0.2"
  Normal  Pulled     5m29s  kubelet, aks-nodepool1-30751440-1  Successfully pulled image "oomk8s/readiness-check:2.0.2"
  Normal  Created    5m29s  kubelet, aks-nodepool1-30751440-1  Created container so-request-db-adapter-readiness
  Normal  Started    5m28s  kubelet, aks-nodepool1-30751440-1  Started container so-request-db-adapter-readiness
  Normal  Pulling    5m6s   kubelet, aks-nodepool1-30751440-1  Pulling image "onapci.westus2.cloudapp.azure.com:443/new-build/so/request-db-adapter:96250-2"
  Normal  Pulled     4m56s  kubelet, aks-nodepool1-30751440-1  Successfully pulled image "onapci.westus2.cloudapp.azure.com:443/new-build/so/request-db-adapter:96250-2"
  Normal  Created    4m54s  kubelet, aks-nodepool1-30751440-1  Created container so-request-db-adapter
  Normal  Started    4m54s  kubelet, aks-nodepool1-30751440-1  Started container so-request-db-adapter
