Name:           cc697w-tdpi-so-so-vfc-adapter-56967dd5d7-6v9fn
Namespace:      onap
Priority:       0
Node:           aks-nodepool1-30751440-3/169.1.0.5
Start Time:     Fri, 27 Sep 2019 13:07:55 +0000
Labels:         app=so-vfc-adapter
                pod-template-hash=56967dd5d7
                release=cc697w-tdpi-so
Annotations:    <none>
Status:         Running
IP:             10.244.2.91
Controlled By:  ReplicaSet/cc697w-tdpi-so-so-vfc-adapter-56967dd5d7
Init Containers:
  so-vfc-adapter-readiness:
    Container ID:  docker://50d7a00d554f7cf40037b40b7409013d2eb11f48a7c556216d271b88164bc27f
    Image:         oomk8s/readiness-check:2.0.2
    Image ID:      docker-pullable://oomk8s/readiness-check@sha256:875814cc853d7d9b3227165740584c347884bc8c0d831b4148cb5f7952e4cbff
    Port:          <none>
    Host Port:     <none>
    Command:
      /root/job_complete.py
    Args:
      --job-name
      cc697w-tdpi-so-so-mariadb-config-job
    State:          Terminated
      Reason:       Completed
      Exit Code:    0
      Started:      Fri, 27 Sep 2019 13:08:00 +0000
      Finished:     Fri, 27 Sep 2019 13:08:11 +0000
    Ready:          True
    Restart Count:  0
    Environment:
      NAMESPACE:  onap (v1:metadata.namespace)
    Mounts:
      /var/run/secrets/kubernetes.io/serviceaccount from default-token-9l7dw (ro)
Containers:
  so-vfc-adapter:
    Container ID:   docker://92c4ddb4dc288cfa11a52c6dedb579e3197e4660e9ee43ab962095f13de233ba
    Image:          onapci.westus2.cloudapp.azure.com:443/new-build/so/vfc-adapter:96250-2
    Image ID:       docker-pullable://onapci.westus2.cloudapp.azure.com:443/new-build/so/vfc-adapter@sha256:04ac97ed378029c9c63ca76cdcc9cf99c523279b8924015675431fd14dc7bb82
    Port:           8084/TCP
    Host Port:      0/TCP
    State:          Running
      Started:      Fri, 27 Sep 2019 15:01:19 +0000
    Ready:          True
    Restart Count:  0
    Limits:
      cpu:     2
      memory:  4Gi
    Requests:
      cpu:     500m
      memory:  1Gi
    Liveness:  http-get http://:8084/manage/health delay=600s timeout=10s period=60s #success=1 #failure=3
    Environment Variables from:
      cc697w-tdpi-so-so-vfc-adapter-configmap  ConfigMap  Optional: false
    Environment:
      DB_HOST:            <set to the key 'mariadb.readwrite.host' in secret 'cc697w-tdpi-so-so-db-secrets'>      Optional: false
      DB_PORT:            <set to the key 'mariadb.readwrite.port' in secret 'cc697w-tdpi-so-so-db-secrets'>      Optional: false
      DB_USERNAME:        <set to the key 'mariadb.readwrite.rolename' in secret 'cc697w-tdpi-so-so-db-secrets'>  Optional: false
      DB_PASSWORD:        <set to the key 'mariadb.readwrite.password' in secret 'cc697w-tdpi-so-so-db-secrets'>  Optional: false
      DB_ADMIN_USERNAME:  <set to the key 'mariadb.admin.rolename' in secret 'cc697w-tdpi-so-so-db-secrets'>      Optional: false
      DB_ADMIN_PASSWORD:  <set to the key 'mariadb.admin.password' in secret 'cc697w-tdpi-so-so-db-secrets'>      Optional: false
    Mounts:
      /app/config from config (ro)
      /app/logs from logs (rw)
      /var/run/secrets/kubernetes.io/serviceaccount from default-token-9l7dw (ro)
Conditions:
  Type              Status
  Initialized       True 
  Ready             True 
  ContainersReady   True 
  PodScheduled      True 
Volumes:
  logs:
    Type:       EmptyDir (a temporary directory that shares a pod's lifetime)
    Medium:     
    SizeLimit:  <unset>
  config:
    Type:      ConfigMap (a volume populated by a ConfigMap)
    Name:      cc697w-tdpi-so-so-vfc-adapter-app-configmap
    Optional:  false
  default-token-9l7dw:
    Type:        Secret (a volume populated by a Secret)
    SecretName:  default-token-9l7dw
    Optional:    false
QoS Class:       Burstable
Node-Selectors:  <none>
Tolerations:     node.kubernetes.io/not-ready:NoExecute for 300s
                 node.kubernetes.io/unreachable:NoExecute for 300s
Events:
  Type    Reason   Age                   From                               Message
  ----    ------   ----                  ----                               -------
  Normal  BackOff  12m (x483 over 121m)  kubelet, aks-nodepool1-30751440-3  Back-off pulling image "onapci.westus2.cloudapp.azure.com:443/new-build/so/vfc-adapter:96250-2"
