Name:           cc697w-tdpi-so-so-catalog-db-adapter-5697fcb8f9-2qhzv
Namespace:      onap
Priority:       0
Node:           aks-nodepool1-30751440-0/169.1.0.6
Start Time:     Tue, 01 Oct 2019 10:39:05 +0000
Labels:         app=so-catalog-db-adapter
                pod-template-hash=5697fcb8f9
                release=cc697w-tdpi-so
Annotations:    <none>
Status:         Running
IP:             10.244.3.125
Controlled By:  ReplicaSet/cc697w-tdpi-so-so-catalog-db-adapter-5697fcb8f9
Init Containers:
  so-catalog-db-adapter-readiness:
    Container ID:  docker://2a887b942c97c1c6ee166f7443f79f66bde2ebf1497630d9dcb8b4c2fa1bbf71
    Image:         oomk8s/readiness-check:2.0.2
    Image ID:      docker-pullable://oomk8s/readiness-check@sha256:875814cc853d7d9b3227165740584c347884bc8c0d831b4148cb5f7952e4cbff
    Port:          <none>
    Host Port:     <none>
    Command:
      /root/job_complete.py
    Args:
      --job-name
      cc697w-tdpi-so-so-mariadb-config-job
    State:          Terminated
      Reason:       Completed
      Exit Code:    0
      Started:      Tue, 01 Oct 2019 10:39:10 +0000
      Finished:     Tue, 01 Oct 2019 10:39:30 +0000
    Ready:          True
    Restart Count:  0
    Environment:
      NAMESPACE:  onap (v1:metadata.namespace)
    Mounts:
      /var/run/secrets/kubernetes.io/serviceaccount from default-token-9l7dw (ro)
Containers:
  so-catalog-db-adapter:
    Container ID:   docker://365dd45ce9d875e6afdd8bf46f128bfda3daf2230b7b7044401d7c0f6c7f9f1f
    Image:          onapci.westus2.cloudapp.azure.com:443/new-build/so/catalog-db-adapter:96250-2
    Image ID:       docker-pullable://onapci.westus2.cloudapp.azure.com:443/new-build/so/catalog-db-adapter@sha256:76e7ff0d199031a5c1e37148cdf8eaad8b0752326192df17374c4a03620c8183
    Port:           8082/TCP
    Host Port:      0/TCP
    State:          Terminated
      Reason:       Error
      Exit Code:    1
      Started:      Tue, 01 Oct 2019 10:44:12 +0000
      Finished:     Tue, 01 Oct 2019 10:44:28 +0000
    Last State:     Terminated
      Reason:       Error
      Exit Code:    1
      Started:      Tue, 01 Oct 2019 10:42:35 +0000
      Finished:     Tue, 01 Oct 2019 10:42:51 +0000
    Ready:          False
    Restart Count:  5
    Limits:
      cpu:     2
      memory:  4Gi
    Requests:
      cpu:     500m
      memory:  1Gi
    Liveness:  http-get http://:8082/manage/health delay=600s timeout=10s period=60s #success=1 #failure=3
    Environment Variables from:
      cc697w-tdpi-so-so-catalog-db-adapter-configmap  ConfigMap  Optional: false
    Environment:
      DB_HOST:              <set to the key 'mariadb.readwrite.host' in secret 'cc697w-tdpi-so-so-db-secrets'>      Optional: false
      DB_PORT:              <set to the key 'mariadb.readwrite.port' in secret 'cc697w-tdpi-so-so-db-secrets'>      Optional: false
      DB_USERNAME:          <set to the key 'mariadb.readwrite.rolename' in secret 'cc697w-tdpi-so-so-db-secrets'>  Optional: false
      DB_PASSWORD:          <set to the key 'mariadb.readwrite.password' in secret 'cc697w-tdpi-so-so-db-secrets'>  Optional: false
      DB_ADMIN_USERNAME:    <set to the key 'mariadb.admin.rolename' in secret 'cc697w-tdpi-so-so-db-secrets'>      Optional: false
      DB_ADMIN_PASSWORD:    <set to the key 'mariadb.admin.password' in secret 'cc697w-tdpi-so-so-db-secrets'>      Optional: false
      TRUSTSTORE:           /app/org.onap.so.trust.jks
      TRUSTSTORE_PASSWORD:  <set to the key 'trustStorePassword' in secret 'cc697w-tdpi-so-so-trust-pass-secret'>  Optional: false
    Mounts:
      /app/config from config (ro)
      /app/logs from logs (rw)
      /app/org.onap.so.trust.jks from so-trust-secret (ro,path="org.onap.so.trust.jks")
      /app/so.keyfile from aaf-keyfile-secret (ro,path="so.keyfile")
      /var/run/secrets/kubernetes.io/serviceaccount from default-token-9l7dw (ro)
Conditions:
  Type              Status
  Initialized       True 
  Ready             False 
  ContainersReady   False 
  PodScheduled      True 
Volumes:
  logs:
    Type:       EmptyDir (a temporary directory that shares a pod's lifetime)
    Medium:     
    SizeLimit:  <unset>
  config:
    Type:      ConfigMap (a volume populated by a ConfigMap)
    Name:      cc697w-tdpi-so-so-catalog-db-adapter-app-configmap
    Optional:  false
  so-trust-secret:
    Type:        Secret (a volume populated by a Secret)
    SecretName:  cc697w-tdpi-so-so-trust-secret
    Optional:    false
  aaf-keyfile-secret:
    Type:        Secret (a volume populated by a Secret)
    SecretName:  cc697w-tdpi-so-so-keyfile-secret
    Optional:    false
  default-token-9l7dw:
    Type:        Secret (a volume populated by a Secret)
    SecretName:  default-token-9l7dw
    Optional:    false
QoS Class:       Burstable
Node-Selectors:  <none>
Tolerations:     node.kubernetes.io/not-ready:NoExecute for 300s
                 node.kubernetes.io/unreachable:NoExecute for 300s
Events:
  Type     Reason     Age                    From                               Message
  ----     ------     ----                   ----                               -------
  Normal   Scheduled  5m31s                  default-scheduler                  Successfully assigned onap/cc697w-tdpi-so-so-catalog-db-adapter-5697fcb8f9-2qhzv to aks-nodepool1-30751440-0
  Normal   Pulling    5m29s                  kubelet, aks-nodepool1-30751440-0  Pulling image "oomk8s/readiness-check:2.0.2"
  Normal   Pulled     5m27s                  kubelet, aks-nodepool1-30751440-0  Successfully pulled image "oomk8s/readiness-check:2.0.2"
  Normal   Created    5m26s                  kubelet, aks-nodepool1-30751440-0  Created container so-catalog-db-adapter-readiness
  Normal   Started    5m26s                  kubelet, aks-nodepool1-30751440-0  Started container so-catalog-db-adapter-readiness
  Normal   Pulled     3m10s (x4 over 4m54s)  kubelet, aks-nodepool1-30751440-0  Successfully pulled image "onapci.westus2.cloudapp.azure.com:443/new-build/so/catalog-db-adapter:96250-2"
  Normal   Created    3m9s (x4 over 4m52s)   kubelet, aks-nodepool1-30751440-0  Created container so-catalog-db-adapter
  Normal   Started    3m9s (x4 over 4m51s)   kubelet, aks-nodepool1-30751440-0  Started container so-catalog-db-adapter
  Warning  BackOff    2m43s (x5 over 4m7s)   kubelet, aks-nodepool1-30751440-0  Back-off restarting failed container
  Normal   Pulling    25s (x6 over 5m2s)     kubelet, aks-nodepool1-30751440-0  Pulling image "onapci.westus2.cloudapp.azure.com:443/new-build/so/catalog-db-adapter:96250-2"
