Name:           cc697wonapci1lq3-so-so-vnfm-adapter-9db5b966-899nt
Namespace:      onap
Priority:       0
Node:           <none>
Labels:         app=so-vnfm-adapter
                pod-template-hash=9db5b966
                release=cc697wonapci1lq3-so
Annotations:    <none>
Status:         Pending
IP:             
IPs:            <none>
Controlled By:  ReplicaSet/cc697wonapci1lq3-so-so-vnfm-adapter-9db5b966
Containers:
  so-vnfm-adapter:
    Image:      onapci-jenkins.westus2.cloudapp.azure.com:443/new-build/so/vnfm-adapter:96250-2
    Port:       9092/TCP
    Host Port:  0/TCP
    Limits:
      cpu:     2
      memory:  4Gi
    Requests:
      cpu:     500m
      memory:  1Gi
    Liveness:  tcp-socket :9092 delay=600s timeout=1s period=60s #success=1 #failure=3
    Environment Variables from:
      cc697wonapci1lq3-so-so-vnfm-adapter-configmap  ConfigMap  Optional: false
    Environment:
      TRUSTSTORE:           /app/org.onap.so.trust.jks
      TRUSTSTORE_PASSWORD:  <set to the key 'trustStorePassword' in secret 'cc697wonapci1lq3-so-so-trust-pass-secret'>  Optional: false
    Mounts:
      /app/config from config (ro)
      /app/logs from logs (rw)
      /app/org.onap.so.trust.jks from so-trust-secret (ro,path="org.onap.so.trust.jks")
      /app/so.keyfile from aaf-keyfile-secret (ro,path="so.keyfile")
      /var/run/secrets/kubernetes.io/serviceaccount from default-token-vp7rc (ro)
Conditions:
  Type           Status
  PodScheduled   False 
Volumes:
  logs:
    Type:       EmptyDir (a temporary directory that shares a pod's lifetime)
    Medium:     
    SizeLimit:  <unset>
  config:
    Type:      ConfigMap (a volume populated by a ConfigMap)
    Name:      cc697wonapci1lq3-so-so-vnfm-adapter-app-configmap
    Optional:  false
  so-trust-secret:
    Type:        Secret (a volume populated by a Secret)
    SecretName:  cc697wonapci1lq3-so-so-trust-secret
    Optional:    false
  aaf-keyfile-secret:
    Type:        Secret (a volume populated by a Secret)
    SecretName:  cc697wonapci1lq3-so-so-keyfile-secret
    Optional:    false
  default-token-vp7rc:
    Type:        Secret (a volume populated by a Secret)
    SecretName:  default-token-vp7rc
    Optional:    false
QoS Class:       Burstable
Node-Selectors:  <none>
Tolerations:     node.kubernetes.io/not-ready:NoExecute for 300s
                 node.kubernetes.io/unreachable:NoExecute for 300s
Events:
  Type     Reason            Age                     From               Message
  ----     ------            ----                    ----               -------
  Warning  FailedScheduling  89s (x2728 over 2d18h)  default-scheduler  0/4 nodes are available: 4 Insufficient cpu.
