Name:           cc697wonapci1lq3-so-so-openstack-adapter-7d98b4c49c-mvd66
Namespace:      onap
Priority:       0
Node:           aks-nodepool1-12261238-0/169.1.0.4
Start Time:     Thu, 03 Oct 2019 16:36:02 +0000
Labels:         app=so-openstack-adapter
                pod-template-hash=7d98b4c49c
                release=cc697wonapci1lq3-so
Annotations:    <none>
Status:         Pending
IP:             10.244.2.89
IPs:            <none>
Controlled By:  ReplicaSet/cc697wonapci1lq3-so-so-openstack-adapter-7d98b4c49c
Init Containers:
  so-openstack-adapter-readiness:
    Container ID:  docker://ad15cf896a063842e5bf87cce6455fd6cd388c5402f1008890d4f1c5661155d0
    Image:         oomk8s/readiness-check:2.0.2
    Image ID:      docker-pullable://oomk8s/readiness-check@sha256:875814cc853d7d9b3227165740584c347884bc8c0d831b4148cb5f7952e4cbff
    Port:          <none>
    Host Port:     <none>
    Command:
      /root/job_complete.py
    Args:
      --job-name
      cc697wonapci1lq3-so-so-mariadb-config-job
    State:          Running
      Started:      Mon, 07 Oct 2019 12:55:29 +0000
    Last State:     Terminated
      Reason:       Error
      Exit Code:    1
      Started:      Mon, 07 Oct 2019 12:45:18 +0000
      Finished:     Mon, 07 Oct 2019 12:55:23 +0000
    Ready:          False
    Restart Count:  546
    Environment:
      NAMESPACE:  onap (v1:metadata.namespace)
    Mounts:
      /var/run/secrets/kubernetes.io/serviceaccount from default-token-vp7rc (ro)
Containers:
  so-openstack-adapter:
    Container ID:   
    Image:          onapci-jenkins.westus2.cloudapp.azure.com:443/new-build/so/openstack-adapter:96250-2
    Image ID:       
    Port:           8087/TCP
    Host Port:      0/TCP
    State:          Waiting
      Reason:       PodInitializing
    Ready:          False
    Restart Count:  0
    Limits:
      cpu:     2
      memory:  4Gi
    Requests:
      cpu:     500m
      memory:  1Gi
    Liveness:  http-get http://:8087/manage/health delay=600s timeout=10s period=60s #success=1 #failure=3
    Environment Variables from:
      cc697wonapci1lq3-so-so-openstack-adapter-configmap  ConfigMap  Optional: false
    Environment:
      DB_HOST:              <set to the key 'mariadb.readwrite.host' in secret 'cc697wonapci1lq3-so-so-db-secrets'>      Optional: false
      DB_PORT:              <set to the key 'mariadb.readwrite.port' in secret 'cc697wonapci1lq3-so-so-db-secrets'>      Optional: false
      DB_USERNAME:          <set to the key 'mariadb.readwrite.rolename' in secret 'cc697wonapci1lq3-so-so-db-secrets'>  Optional: false
      DB_PASSWORD:          <set to the key 'mariadb.readwrite.password' in secret 'cc697wonapci1lq3-so-so-db-secrets'>  Optional: false
      DB_ADMIN_USERNAME:    <set to the key 'mariadb.admin.rolename' in secret 'cc697wonapci1lq3-so-so-db-secrets'>      Optional: false
      DB_ADMIN_PASSWORD:    <set to the key 'mariadb.admin.password' in secret 'cc697wonapci1lq3-so-so-db-secrets'>      Optional: false
      TRUSTSTORE:           /app/org.onap.so.trust.jks
      TRUSTSTORE_PASSWORD:  <set to the key 'trustStorePassword' in secret 'cc697wonapci1lq3-so-so-trust-pass-secret'>  Optional: false
    Mounts:
      /app/config from config (ro)
      /app/logs from logs (rw)
      /app/org.onap.so.trust.jks from so-trust-secret (ro,path="org.onap.so.trust.jks")
      /app/so.keyfile from aaf-keyfile-secret (ro,path="so.keyfile")
      /var/run/secrets/kubernetes.io/serviceaccount from default-token-vp7rc (ro)
Conditions:
  Type              Status
  Initialized       False 
  Ready             False 
  ContainersReady   False 
  PodScheduled      True 
Volumes:
  logs:
    Type:       EmptyDir (a temporary directory that shares a pod's lifetime)
    Medium:     
    SizeLimit:  <unset>
  config:
    Type:      ConfigMap (a volume populated by a ConfigMap)
    Name:      cc697wonapci1lq3-so-so-openstack-adapter-app-configmap
    Optional:  false
  so-trust-secret:
    Type:        Secret (a volume populated by a Secret)
    SecretName:  cc697wonapci1lq3-so-so-trust-secret
    Optional:    false
  aaf-keyfile-secret:
    Type:        Secret (a volume populated by a Secret)
    SecretName:  cc697wonapci1lq3-so-so-keyfile-secret
    Optional:    false
  default-token-vp7rc:
    Type:        Secret (a volume populated by a Secret)
    SecretName:  default-token-vp7rc
    Optional:    false
QoS Class:       Burstable
Node-Selectors:  <none>
Tolerations:     node.kubernetes.io/not-ready:NoExecute for 300s
                 node.kubernetes.io/unreachable:NoExecute for 300s
Events:
  Type    Reason   Age                      From                               Message
  ----    ------   ----                     ----                               -------
  Normal  Pulling  7m25s (x548 over 3d20h)  kubelet, aks-nodepool1-12261238-0  Pulling image "oomk8s/readiness-check:2.0.2"
  Normal  Pulled   7m24s (x547 over 3d20h)  kubelet, aks-nodepool1-12261238-0  Successfully pulled image "oomk8s/readiness-check:2.0.2"
