Name:           cc697w-tdpi-so-so-bpmn-infra-5444d559f7-4c92s
Namespace:      onap
Priority:       0
Node:           aks-nodepool1-30751440-1/169.1.0.9
Start Time:     Fri, 27 Sep 2019 13:07:54 +0000
Labels:         app=so-bpmn-infra
                pod-template-hash=5444d559f7
                release=cc697w-tdpi-so
Annotations:    <none>
Status:         Running
IP:             10.244.1.43
Controlled By:  ReplicaSet/cc697w-tdpi-so-so-bpmn-infra-5444d559f7
Init Containers:
  so-bpmn-infra-readiness:
    Container ID:  docker://b0d13f3bb1a49462d62a70bef6aae50b1cce8ec5cf1384a83a6a135f5b59875c
    Image:         oomk8s/readiness-check:2.0.2
    Image ID:      docker-pullable://oomk8s/readiness-check@sha256:875814cc853d7d9b3227165740584c347884bc8c0d831b4148cb5f7952e4cbff
    Port:          <none>
    Host Port:     <none>
    Command:
      /root/job_complete.py
    Args:
      --job-name
      cc697w-tdpi-so-so-mariadb-config-job
    State:          Terminated
      Reason:       Completed
      Exit Code:    0
      Started:      Fri, 27 Sep 2019 13:08:00 +0000
      Finished:     Fri, 27 Sep 2019 13:08:11 +0000
    Ready:          True
    Restart Count:  0
    Environment:
      NAMESPACE:  onap (v1:metadata.namespace)
    Mounts:
      /var/run/secrets/kubernetes.io/serviceaccount from default-token-9l7dw (ro)
Containers:
  so-bpmn-infra:
    Container ID:   docker://e933281fa72b47cf33540979d96bb559f904aca8ea47fbab024b3c0bda3edcec
    Image:          onapci.westus2.cloudapp.azure.com:443/new-build/so/bpmn-infra:96250-2
    Image ID:       docker-pullable://onapci.westus2.cloudapp.azure.com:443/new-build/so/bpmn-infra@sha256:1b196d956edecd9821acf50073bb5c56c9805a6907271224f84b39ed624f10a0
    Port:           8081/TCP
    Host Port:      0/TCP
    State:          Running
      Started:      Fri, 27 Sep 2019 14:56:29 +0000
    Ready:          True
    Restart Count:  0
    Limits:
      cpu:     4
      memory:  8Gi
    Requests:
      cpu:     1
      memory:  2Gi
    Liveness:  http-get http://:8081/manage/health delay=600s timeout=10s period=60s #success=1 #failure=3
    Environment Variables from:
      cc697w-tdpi-so-so-bpmn-infra-configmap  ConfigMap  Optional: false
    Environment:
      DB_HOST:            <set to the key 'mariadb.readwrite.host' in secret 'cc697w-tdpi-so-so-db-secrets'>      Optional: false
      DB_PORT:            <set to the key 'mariadb.readwrite.port' in secret 'cc697w-tdpi-so-so-db-secrets'>      Optional: false
      DB_USERNAME:        <set to the key 'mariadb.readwrite.rolename' in secret 'cc697w-tdpi-so-so-db-secrets'>  Optional: false
      DB_PASSWORD:        <set to the key 'mariadb.readwrite.password' in secret 'cc697w-tdpi-so-so-db-secrets'>  Optional: false
      DB_ADMIN_USERNAME:  <set to the key 'mariadb.admin.rolename' in secret 'cc697w-tdpi-so-so-db-secrets'>      Optional: false
      DB_ADMIN_PASSWORD:  <set to the key 'mariadb.admin.password' in secret 'cc697w-tdpi-so-so-db-secrets'>      Optional: false
    Mounts:
      /app/config from config (ro)
      /app/logs from logs (rw)
      /var/run/secrets/kubernetes.io/serviceaccount from default-token-9l7dw (ro)
Conditions:
  Type              Status
  Initialized       True 
  Ready             True 
  ContainersReady   True 
  PodScheduled      True 
Volumes:
  logs:
    Type:       EmptyDir (a temporary directory that shares a pod's lifetime)
    Medium:     
    SizeLimit:  <unset>
  config:
    Type:      ConfigMap (a volume populated by a ConfigMap)
    Name:      cc697w-tdpi-so-so-bpmn-infra-app-configmap
    Optional:  false
  default-token-9l7dw:
    Type:        Secret (a volume populated by a Secret)
    SecretName:  default-token-9l7dw
    Optional:    false
QoS Class:       Burstable
Node-Selectors:  <none>
Tolerations:     node.kubernetes.io/not-ready:NoExecute for 300s
                 node.kubernetes.io/unreachable:NoExecute for 300s
Events:
  Type     Reason   Age                   From                               Message
  ----     ------   ----                  ----                               -------
  Normal   BackOff  22m (x437 over 121m)  kubelet, aks-nodepool1-30751440-1  Back-off pulling image "onapci.westus2.cloudapp.azure.com:443/new-build/so/bpmn-infra:96250-2"
  Warning  Failed   17m (x459 over 121m)  kubelet, aks-nodepool1-30751440-1  Error: ImagePullBackOff
