Name:           cc697wonapci1lq3-so-so-vfc-adapter-555d87cdc4-tlj22
Namespace:      onap
Priority:       0
Node:           aks-nodepool1-12261238-3/169.1.0.7
Start Time:     Fri, 04 Oct 2019 14:45:00 +0000
Labels:         app=so-vfc-adapter
                pod-template-hash=555d87cdc4
                release=cc697wonapci1lq3-so
Annotations:    <none>
Status:         Pending
IP:             10.244.3.4
IPs:            <none>
Controlled By:  ReplicaSet/cc697wonapci1lq3-so-so-vfc-adapter-555d87cdc4
Init Containers:
  so-vfc-adapter-readiness:
    Container ID:  docker://2fbaad76d314d63c67bf5504067456b94b39635df66394a3a92515398b4a63cd
    Image:         oomk8s/readiness-check:2.0.2
    Image ID:      docker-pullable://oomk8s/readiness-check@sha256:875814cc853d7d9b3227165740584c347884bc8c0d831b4148cb5f7952e4cbff
    Port:          <none>
    Host Port:     <none>
    Command:
      /root/job_complete.py
    Args:
      --job-name
      cc697wonapci1lq3-so-so-mariadb-config-job
    State:          Running
      Started:      Sun, 06 Oct 2019 20:50:29 +0000
    Last State:     Terminated
      Reason:       Error
      Exit Code:    1
      Started:      Sun, 06 Oct 2019 20:40:24 +0000
      Finished:     Sun, 06 Oct 2019 20:50:26 +0000
    Ready:          False
    Restart Count:  322
    Environment:
      NAMESPACE:  onap (v1:metadata.namespace)
    Mounts:
      /var/run/secrets/kubernetes.io/serviceaccount from default-token-vp7rc (ro)
Containers:
  so-vfc-adapter:
    Container ID:   
    Image:          onapci-jenkins.westus2.cloudapp.azure.com:443/new-build/so/vfc-adapter:96250-2
    Image ID:       
    Port:           8084/TCP
    Host Port:      0/TCP
    State:          Waiting
      Reason:       PodInitializing
    Ready:          False
    Restart Count:  0
    Limits:
      cpu:     2
      memory:  4Gi
    Requests:
      cpu:     500m
      memory:  1Gi
    Liveness:  http-get http://:8084/manage/health delay=600s timeout=10s period=60s #success=1 #failure=3
    Environment Variables from:
      cc697wonapci1lq3-so-so-vfc-adapter-configmap  ConfigMap  Optional: false
    Environment:
      DB_HOST:              <set to the key 'mariadb.readwrite.host' in secret 'cc697wonapci1lq3-so-so-db-secrets'>      Optional: false
      DB_PORT:              <set to the key 'mariadb.readwrite.port' in secret 'cc697wonapci1lq3-so-so-db-secrets'>      Optional: false
      DB_USERNAME:          <set to the key 'mariadb.readwrite.rolename' in secret 'cc697wonapci1lq3-so-so-db-secrets'>  Optional: false
      DB_PASSWORD:          <set to the key 'mariadb.readwrite.password' in secret 'cc697wonapci1lq3-so-so-db-secrets'>  Optional: false
      DB_ADMIN_USERNAME:    <set to the key 'mariadb.admin.rolename' in secret 'cc697wonapci1lq3-so-so-db-secrets'>      Optional: false
      DB_ADMIN_PASSWORD:    <set to the key 'mariadb.admin.password' in secret 'cc697wonapci1lq3-so-so-db-secrets'>      Optional: false
      TRUSTSTORE:           /app/org.onap.so.trust.jks
      TRUSTSTORE_PASSWORD:  <set to the key 'trustStorePassword' in secret 'cc697wonapci1lq3-so-so-trust-pass-secret'>  Optional: false
    Mounts:
      /app/config from config (ro)
      /app/logs from logs (rw)
      /app/org.onap.so.trust.jks from so-trust-secret (ro,path="org.onap.so.trust.jks")
      /app/so.keyfile from aaf-keyfile-secret (ro,path="so.keyfile")
      /var/run/secrets/kubernetes.io/serviceaccount from default-token-vp7rc (ro)
Conditions:
  Type              Status
  Initialized       False 
  Ready             False 
  ContainersReady   False 
  PodScheduled      True 
Volumes:
  logs:
    Type:       EmptyDir (a temporary directory that shares a pod's lifetime)
    Medium:     
    SizeLimit:  <unset>
  config:
    Type:      ConfigMap (a volume populated by a ConfigMap)
    Name:      cc697wonapci1lq3-so-so-vfc-adapter-app-configmap
    Optional:  false
  so-trust-secret:
    Type:        Secret (a volume populated by a Secret)
    SecretName:  cc697wonapci1lq3-so-so-trust-secret
    Optional:    false
  aaf-keyfile-secret:
    Type:        Secret (a volume populated by a Secret)
    SecretName:  cc697wonapci1lq3-so-so-keyfile-secret
    Optional:    false
  default-token-vp7rc:
    Type:        Secret (a volume populated by a Secret)
    SecretName:  default-token-vp7rc
    Optional:    false
QoS Class:       Burstable
Node-Selectors:  <none>
Tolerations:     node.kubernetes.io/not-ready:NoExecute for 300s
                 node.kubernetes.io/unreachable:NoExecute for 300s
Events:
  Type    Reason   Age                    From                               Message
  ----    ------   ----                   ----                               -------
  Normal  Created  23m (x321 over 2d6h)   kubelet, aks-nodepool1-12261238-3  Created container so-vfc-adapter-readiness
  Normal  Pulling  3m3s (x323 over 2d6h)  kubelet, aks-nodepool1-12261238-3  Pulling image "oomk8s/readiness-check:2.0.2"
  Normal  Pulled   3m2s (x323 over 2d6h)  kubelet, aks-nodepool1-12261238-3  Successfully pulled image "oomk8s/readiness-check:2.0.2"
