Name:           cc697w-tdpi-so-so-openstack-adapter-bf46fb648-z9v7m
Namespace:      onap
Priority:       0
Node:           aks-nodepool1-30751440-1/169.1.0.9
Start Time:     Fri, 27 Sep 2019 13:07:54 +0000
Labels:         app=so-openstack-adapter
                pod-template-hash=bf46fb648
                release=cc697w-tdpi-so
Annotations:    <none>
Status:         Running
IP:             10.244.1.42
Controlled By:  ReplicaSet/cc697w-tdpi-so-so-openstack-adapter-bf46fb648
Init Containers:
  so-openstack-adapter-readiness:
    Container ID:  docker://1590746cd25efdbd4ad5aa8966676072ac2d564a849a51c0713dbf7eb9377c01
    Image:         oomk8s/readiness-check:2.0.2
    Image ID:      docker-pullable://oomk8s/readiness-check@sha256:875814cc853d7d9b3227165740584c347884bc8c0d831b4148cb5f7952e4cbff
    Port:          <none>
    Host Port:     <none>
    Command:
      /root/job_complete.py
    Args:
      --job-name
      cc697w-tdpi-so-so-mariadb-config-job
    State:          Terminated
      Reason:       Completed
      Exit Code:    0
      Started:      Fri, 27 Sep 2019 13:08:00 +0000
      Finished:     Fri, 27 Sep 2019 13:08:10 +0000
    Ready:          True
    Restart Count:  0
    Environment:
      NAMESPACE:  onap (v1:metadata.namespace)
    Mounts:
      /var/run/secrets/kubernetes.io/serviceaccount from default-token-9l7dw (ro)
Containers:
  so-openstack-adapter:
    Container ID:   docker://528a6ad419198496fe841531cd034dea8a677e465056bc713fdbe64063f5e570
    Image:          onapci.westus2.cloudapp.azure.com:443/new-build/so/openstack-adapter:96250-2
    Image ID:       docker-pullable://onapci.westus2.cloudapp.azure.com:443/new-build/so/openstack-adapter@sha256:1685e7006632701a7f7baf0cfd95bd17da6be1c0cf00411267d735e271bed969
    Port:           8087/TCP
    Host Port:      0/TCP
    State:          Running
      Started:      Fri, 27 Sep 2019 15:01:33 +0000
    Ready:          True
    Restart Count:  0
    Limits:
      cpu:     2
      memory:  4Gi
    Requests:
      cpu:     500m
      memory:  1Gi
    Liveness:  http-get http://:8087/manage/health delay=600s timeout=10s period=60s #success=1 #failure=3
    Environment Variables from:
      cc697w-tdpi-so-so-openstack-adapter-configmap  ConfigMap  Optional: false
    Environment:
      DB_HOST:            <set to the key 'mariadb.readwrite.host' in secret 'cc697w-tdpi-so-so-db-secrets'>      Optional: false
      DB_PORT:            <set to the key 'mariadb.readwrite.port' in secret 'cc697w-tdpi-so-so-db-secrets'>      Optional: false
      DB_USERNAME:        <set to the key 'mariadb.readwrite.rolename' in secret 'cc697w-tdpi-so-so-db-secrets'>  Optional: false
      DB_PASSWORD:        <set to the key 'mariadb.readwrite.password' in secret 'cc697w-tdpi-so-so-db-secrets'>  Optional: false
      DB_ADMIN_USERNAME:  <set to the key 'mariadb.admin.rolename' in secret 'cc697w-tdpi-so-so-db-secrets'>      Optional: false
      DB_ADMIN_PASSWORD:  <set to the key 'mariadb.admin.password' in secret 'cc697w-tdpi-so-so-db-secrets'>      Optional: false
    Mounts:
      /app/config from config (ro)
      /app/logs from logs (rw)
      /var/run/secrets/kubernetes.io/serviceaccount from default-token-9l7dw (ro)
Conditions:
  Type              Status
  Initialized       True 
  Ready             True 
  ContainersReady   True 
  PodScheduled      True 
Volumes:
  logs:
    Type:       EmptyDir (a temporary directory that shares a pod's lifetime)
    Medium:     
    SizeLimit:  <unset>
  config:
    Type:      ConfigMap (a volume populated by a ConfigMap)
    Name:      cc697w-tdpi-so-so-openstack-adapter-app-configmap
    Optional:  false
  default-token-9l7dw:
    Type:        Secret (a volume populated by a Secret)
    SecretName:  default-token-9l7dw
    Optional:    false
QoS Class:       Burstable
Node-Selectors:  <none>
Tolerations:     node.kubernetes.io/not-ready:NoExecute for 300s
                 node.kubernetes.io/unreachable:NoExecute for 300s
Events:
  Type     Reason   Age                   From                               Message
  ----     ------   ----                  ----                               -------
  Normal   BackOff  17m (x460 over 121m)  kubelet, aks-nodepool1-30751440-1  Back-off pulling image "onapci.westus2.cloudapp.azure.com:443/new-build/so/openstack-adapter:96250-2"
  Warning  Failed   12m (x482 over 121m)  kubelet, aks-nodepool1-30751440-1  Error: ImagePullBackOff
