Name:           cc697w-tdpi-so-so-openstack-adapter-5d456948f-6kppj
Namespace:      onap
Priority:       0
Node:           aks-nodepool1-30751440-3/169.1.0.5
Start Time:     Tue, 01 Oct 2019 10:39:05 +0000
Labels:         app=so-openstack-adapter
                pod-template-hash=5d456948f
                release=cc697w-tdpi-so
Annotations:    <none>
Status:         Running
IP:             10.244.2.93
Controlled By:  ReplicaSet/cc697w-tdpi-so-so-openstack-adapter-5d456948f
Init Containers:
  so-openstack-adapter-readiness:
    Container ID:  docker://a0493f7d68a8778a8be0318a8d1a44207100af5829579f1c00a52a3ff120f552
    Image:         oomk8s/readiness-check:2.0.2
    Image ID:      docker-pullable://oomk8s/readiness-check@sha256:875814cc853d7d9b3227165740584c347884bc8c0d831b4148cb5f7952e4cbff
    Port:          <none>
    Host Port:     <none>
    Command:
      /root/job_complete.py
    Args:
      --job-name
      cc697w-tdpi-so-so-mariadb-config-job
    State:          Terminated
      Reason:       Completed
      Exit Code:    0
      Started:      Tue, 01 Oct 2019 10:39:09 +0000
      Finished:     Tue, 01 Oct 2019 10:39:30 +0000
    Ready:          True
    Restart Count:  0
    Environment:
      NAMESPACE:  onap (v1:metadata.namespace)
    Mounts:
      /var/run/secrets/kubernetes.io/serviceaccount from default-token-9l7dw (ro)
Containers:
  so-openstack-adapter:
    Container ID:   docker://8656aa4e1c3d984438a8635de2c8949d9180838000ff9bf124b527f5858341b6
    Image:          onapci.westus2.cloudapp.azure.com:443/new-build/so/openstack-adapter:96250-2
    Image ID:       docker-pullable://onapci.westus2.cloudapp.azure.com:443/new-build/so/openstack-adapter@sha256:fd5e58f4e3854f1d1f698ca655107cc720a144589cacd7f9bb15ea750fa5990f
    Port:           8087/TCP
    Host Port:      0/TCP
    State:          Running
      Started:      Tue, 01 Oct 2019 10:39:39 +0000
    Ready:          True
    Restart Count:  0
    Limits:
      cpu:     2
      memory:  4Gi
    Requests:
      cpu:     500m
      memory:  1Gi
    Liveness:  http-get http://:8087/manage/health delay=600s timeout=10s period=60s #success=1 #failure=3
    Environment Variables from:
      cc697w-tdpi-so-so-openstack-adapter-configmap  ConfigMap  Optional: false
    Environment:
      DB_HOST:              <set to the key 'mariadb.readwrite.host' in secret 'cc697w-tdpi-so-so-db-secrets'>      Optional: false
      DB_PORT:              <set to the key 'mariadb.readwrite.port' in secret 'cc697w-tdpi-so-so-db-secrets'>      Optional: false
      DB_USERNAME:          <set to the key 'mariadb.readwrite.rolename' in secret 'cc697w-tdpi-so-so-db-secrets'>  Optional: false
      DB_PASSWORD:          <set to the key 'mariadb.readwrite.password' in secret 'cc697w-tdpi-so-so-db-secrets'>  Optional: false
      DB_ADMIN_USERNAME:    <set to the key 'mariadb.admin.rolename' in secret 'cc697w-tdpi-so-so-db-secrets'>      Optional: false
      DB_ADMIN_PASSWORD:    <set to the key 'mariadb.admin.password' in secret 'cc697w-tdpi-so-so-db-secrets'>      Optional: false
      TRUSTSTORE:           /app/org.onap.so.trust.jks
      TRUSTSTORE_PASSWORD:  <set to the key 'trustStorePassword' in secret 'cc697w-tdpi-so-so-trust-pass-secret'>  Optional: false
    Mounts:
      /app/config from config (ro)
      /app/logs from logs (rw)
      /app/org.onap.so.trust.jks from so-trust-secret (ro,path="org.onap.so.trust.jks")
      /app/so.keyfile from aaf-keyfile-secret (ro,path="so.keyfile")
      /var/run/secrets/kubernetes.io/serviceaccount from default-token-9l7dw (ro)
Conditions:
  Type              Status
  Initialized       True 
  Ready             True 
  ContainersReady   True 
  PodScheduled      True 
Volumes:
  logs:
    Type:       EmptyDir (a temporary directory that shares a pod's lifetime)
    Medium:     
    SizeLimit:  <unset>
  config:
    Type:      ConfigMap (a volume populated by a ConfigMap)
    Name:      cc697w-tdpi-so-so-openstack-adapter-app-configmap
    Optional:  false
  so-trust-secret:
    Type:        Secret (a volume populated by a Secret)
    SecretName:  cc697w-tdpi-so-so-trust-secret
    Optional:    false
  aaf-keyfile-secret:
    Type:        Secret (a volume populated by a Secret)
    SecretName:  cc697w-tdpi-so-so-keyfile-secret
    Optional:    false
  default-token-9l7dw:
    Type:        Secret (a volume populated by a Secret)
    SecretName:  default-token-9l7dw
    Optional:    false
QoS Class:       Burstable
Node-Selectors:  <none>
Tolerations:     node.kubernetes.io/not-ready:NoExecute for 300s
                 node.kubernetes.io/unreachable:NoExecute for 300s
Events:
  Type    Reason     Age    From                               Message
  ----    ------     ----   ----                               -------
  Normal  Scheduled  5m33s  default-scheduler                  Successfully assigned onap/cc697w-tdpi-so-so-openstack-adapter-5d456948f-6kppj to aks-nodepool1-30751440-3
  Normal  Pulling    5m30s  kubelet, aks-nodepool1-30751440-3  Pulling image "oomk8s/readiness-check:2.0.2"
  Normal  Pulled     5m29s  kubelet, aks-nodepool1-30751440-3  Successfully pulled image "oomk8s/readiness-check:2.0.2"
  Normal  Created    5m29s  kubelet, aks-nodepool1-30751440-3  Created container so-openstack-adapter-readiness
  Normal  Started    5m28s  kubelet, aks-nodepool1-30751440-3  Started container so-openstack-adapter-readiness
  Normal  Pulling    5m6s   kubelet, aks-nodepool1-30751440-3  Pulling image "onapci.westus2.cloudapp.azure.com:443/new-build/so/openstack-adapter:96250-2"
  Normal  Pulled     5m3s   kubelet, aks-nodepool1-30751440-3  Successfully pulled image "onapci.westus2.cloudapp.azure.com:443/new-build/so/openstack-adapter:96250-2"
  Normal  Created    5m     kubelet, aks-nodepool1-30751440-3  Created container so-openstack-adapter
  Normal  Started    4m59s  kubelet, aks-nodepool1-30751440-3  Started container so-openstack-adapter
