Name:           cc697wonapci1lq3-so-so-catalog-db-adapter-85db4b7599-v5ttr
Namespace:      onap
Priority:       0
Node:           aks-nodepool1-12261238-1/169.1.0.5
Start Time:     Thu, 03 Oct 2019 16:36:01 +0000
Labels:         app=so-catalog-db-adapter
                pod-template-hash=85db4b7599
                release=cc697wonapci1lq3-so
Annotations:    <none>
Status:         Pending
IP:             10.244.1.83
IPs:            <none>
Controlled By:  ReplicaSet/cc697wonapci1lq3-so-so-catalog-db-adapter-85db4b7599
Init Containers:
  so-catalog-db-adapter-readiness:
    Container ID:  docker://07a64304d10dd392077d89c0bc897e02c19bdcefefa5b1cfa69b86803120502a
    Image:         oomk8s/readiness-check:2.0.2
    Image ID:      docker-pullable://oomk8s/readiness-check@sha256:875814cc853d7d9b3227165740584c347884bc8c0d831b4148cb5f7952e4cbff
    Port:          <none>
    Host Port:     <none>
    Command:
      /root/job_complete.py
    Args:
      --job-name
      cc697wonapci1lq3-so-so-mariadb-config-job
    State:          Running
      Started:      Fri, 04 Oct 2019 13:02:33 +0000
    Last State:     Terminated
      Reason:       Error
      Exit Code:    1
      Started:      Fri, 04 Oct 2019 12:52:25 +0000
      Finished:     Fri, 04 Oct 2019 13:02:28 +0000
    Ready:          False
    Restart Count:  121
    Environment:
      NAMESPACE:  onap (v1:metadata.namespace)
    Mounts:
      /var/run/secrets/kubernetes.io/serviceaccount from default-token-vp7rc (ro)
Containers:
  so-catalog-db-adapter:
    Container ID:   
    Image:          onapci-jenkins.westus2.cloudapp.azure.com:443/new-build/so/catalog-db-adapter:96250-2
    Image ID:       
    Port:           8082/TCP
    Host Port:      0/TCP
    State:          Waiting
      Reason:       PodInitializing
    Ready:          False
    Restart Count:  0
    Limits:
      cpu:     2
      memory:  4Gi
    Requests:
      cpu:     500m
      memory:  1Gi
    Liveness:  http-get http://:8082/manage/health delay=600s timeout=10s period=60s #success=1 #failure=3
    Environment Variables from:
      cc697wonapci1lq3-so-so-catalog-db-adapter-configmap  ConfigMap  Optional: false
    Environment:
      DB_HOST:              <set to the key 'mariadb.readwrite.host' in secret 'cc697wonapci1lq3-so-so-db-secrets'>      Optional: false
      DB_PORT:              <set to the key 'mariadb.readwrite.port' in secret 'cc697wonapci1lq3-so-so-db-secrets'>      Optional: false
      DB_USERNAME:          <set to the key 'mariadb.readwrite.rolename' in secret 'cc697wonapci1lq3-so-so-db-secrets'>  Optional: false
      DB_PASSWORD:          <set to the key 'mariadb.readwrite.password' in secret 'cc697wonapci1lq3-so-so-db-secrets'>  Optional: false
      DB_ADMIN_USERNAME:    <set to the key 'mariadb.admin.rolename' in secret 'cc697wonapci1lq3-so-so-db-secrets'>      Optional: false
      DB_ADMIN_PASSWORD:    <set to the key 'mariadb.admin.password' in secret 'cc697wonapci1lq3-so-so-db-secrets'>      Optional: false
      TRUSTSTORE:           /app/org.onap.so.trust.jks
      TRUSTSTORE_PASSWORD:  <set to the key 'trustStorePassword' in secret 'cc697wonapci1lq3-so-so-trust-pass-secret'>  Optional: false
    Mounts:
      /app/config from config (ro)
      /app/logs from logs (rw)
      /app/org.onap.so.trust.jks from so-trust-secret (ro,path="org.onap.so.trust.jks")
      /app/so.keyfile from aaf-keyfile-secret (ro,path="so.keyfile")
      /var/run/secrets/kubernetes.io/serviceaccount from default-token-vp7rc (ro)
Conditions:
  Type              Status
  Initialized       False 
  Ready             False 
  ContainersReady   False 
  PodScheduled      True 
Volumes:
  logs:
    Type:       EmptyDir (a temporary directory that shares a pod's lifetime)
    Medium:     
    SizeLimit:  <unset>
  config:
    Type:      ConfigMap (a volume populated by a ConfigMap)
    Name:      cc697wonapci1lq3-so-so-catalog-db-adapter-app-configmap
    Optional:  false
  so-trust-secret:
    Type:        Secret (a volume populated by a Secret)
    SecretName:  cc697wonapci1lq3-so-so-trust-secret
    Optional:    false
  aaf-keyfile-secret:
    Type:        Secret (a volume populated by a Secret)
    SecretName:  cc697wonapci1lq3-so-so-keyfile-secret
    Optional:    false
  default-token-vp7rc:
    Type:        Secret (a volume populated by a Secret)
    SecretName:  default-token-vp7rc
    Optional:    false
QoS Class:       Burstable
Node-Selectors:  <none>
Tolerations:     node.kubernetes.io/not-ready:NoExecute for 300s
                 node.kubernetes.io/unreachable:NoExecute for 300s
Events:
  Type    Reason   Age                    From                               Message
  ----    ------   ----                   ----                               -------
  Normal  Pulling  6m10s (x122 over 20h)  kubelet, aks-nodepool1-12261238-1  Pulling image "oomk8s/readiness-check:2.0.2"
  Normal  Pulled   6m10s (x122 over 20h)  kubelet, aks-nodepool1-12261238-1  Successfully pulled image "oomk8s/readiness-check:2.0.2"
