Name:           cc697w-tdpi-so-so-sdc-controller-6d94d57f95-rldqx
Namespace:      onap
Priority:       0
Node:           aks-nodepool1-30751440-1/169.1.0.9
Start Time:     Tue, 01 Oct 2019 10:39:05 +0000
Labels:         app=so-sdc-controller
                pod-template-hash=6d94d57f95
                release=cc697w-tdpi-so
Annotations:    <none>
Status:         Running
IP:             10.244.1.44
Controlled By:  ReplicaSet/cc697w-tdpi-so-so-sdc-controller-6d94d57f95
Init Containers:
  so-sdc-controller-readiness:
    Container ID:  docker://a22c859817c71f993f5cafaef79e06c2f835222a09bd64ebcfc517bda5564829
    Image:         oomk8s/readiness-check:2.0.2
    Image ID:      docker-pullable://oomk8s/readiness-check@sha256:875814cc853d7d9b3227165740584c347884bc8c0d831b4148cb5f7952e4cbff
    Port:          <none>
    Host Port:     <none>
    Command:
      /root/job_complete.py
    Args:
      --job-name
      cc697w-tdpi-so-so-mariadb-config-job
    State:          Terminated
      Reason:       Completed
      Exit Code:    0
      Started:      Tue, 01 Oct 2019 10:39:09 +0000
      Finished:     Tue, 01 Oct 2019 10:39:29 +0000
    Ready:          True
    Restart Count:  0
    Environment:
      NAMESPACE:  onap (v1:metadata.namespace)
    Mounts:
      /var/run/secrets/kubernetes.io/serviceaccount from default-token-9l7dw (ro)
Containers:
  so-sdc-controller:
    Container ID:   docker://3ac0db6f902c0c9f62eb44f07a8fd5a05aba9d6c1d53cd1845b6448f5dc6a5e2
    Image:          onapci.westus2.cloudapp.azure.com:443/new-build/so/sdc-controller:96250-2
    Image ID:       docker-pullable://onapci.westus2.cloudapp.azure.com:443/new-build/so/sdc-controller@sha256:68d944983325af46225ea93a4abe648c2db5351c6775e12933ce3cc8f5a6280b
    Port:           8085/TCP
    Host Port:      0/TCP
    State:          Running
      Started:      Tue, 01 Oct 2019 10:44:19 +0000
    Last State:     Terminated
      Reason:       Error
      Exit Code:    1
      Started:      Tue, 01 Oct 2019 10:42:28 +0000
      Finished:     Tue, 01 Oct 2019 10:42:46 +0000
    Ready:          True
    Restart Count:  5
    Limits:
      cpu:     2
      memory:  4Gi
    Requests:
      cpu:     500m
      memory:  1Gi
    Liveness:  http-get http://:8085/manage/health delay=600s timeout=10s period=60s #success=1 #failure=3
    Environment Variables from:
      cc697w-tdpi-so-so-sdc-controller-configmap  ConfigMap  Optional: false
    Environment:
      DB_HOST:              <set to the key 'mariadb.readwrite.host' in secret 'cc697w-tdpi-so-so-db-secrets'>      Optional: false
      DB_PORT:              <set to the key 'mariadb.readwrite.port' in secret 'cc697w-tdpi-so-so-db-secrets'>      Optional: false
      DB_USERNAME:          <set to the key 'mariadb.readwrite.rolename' in secret 'cc697w-tdpi-so-so-db-secrets'>  Optional: false
      DB_PASSWORD:          <set to the key 'mariadb.readwrite.password' in secret 'cc697w-tdpi-so-so-db-secrets'>  Optional: false
      DB_ADMIN_USERNAME:    <set to the key 'mariadb.admin.rolename' in secret 'cc697w-tdpi-so-so-db-secrets'>      Optional: false
      DB_ADMIN_PASSWORD:    <set to the key 'mariadb.admin.password' in secret 'cc697w-tdpi-so-so-db-secrets'>      Optional: false
      TRUSTSTORE:           /app/org.onap.so.trust.jks
      TRUSTSTORE_PASSWORD:  <set to the key 'trustStorePassword' in secret 'cc697w-tdpi-so-so-trust-pass-secret'>  Optional: false
    Mounts:
      /app/config from config (ro)
      /app/logs from logs (rw)
      /app/org.onap.so.trust.jks from so-trust-secret (ro,path="org.onap.so.trust.jks")
      /app/so.keyfile from aaf-keyfile-secret (ro,path="so.keyfile")
      /var/run/secrets/kubernetes.io/serviceaccount from default-token-9l7dw (ro)
Conditions:
  Type              Status
  Initialized       True 
  Ready             True 
  ContainersReady   True 
  PodScheduled      True 
Volumes:
  logs:
    Type:       EmptyDir (a temporary directory that shares a pod's lifetime)
    Medium:     
    SizeLimit:  <unset>
  config:
    Type:      ConfigMap (a volume populated by a ConfigMap)
    Name:      cc697w-tdpi-so-so-sdc-controller-app-configmap
    Optional:  false
  so-trust-secret:
    Type:        Secret (a volume populated by a Secret)
    SecretName:  cc697w-tdpi-so-so-trust-secret
    Optional:    false
  aaf-keyfile-secret:
    Type:        Secret (a volume populated by a Secret)
    SecretName:  cc697w-tdpi-so-so-keyfile-secret
    Optional:    false
  default-token-9l7dw:
    Type:        Secret (a volume populated by a Secret)
    SecretName:  default-token-9l7dw
    Optional:    false
QoS Class:       Burstable
Node-Selectors:  <none>
Tolerations:     node.kubernetes.io/not-ready:NoExecute for 300s
                 node.kubernetes.io/unreachable:NoExecute for 300s
Events:
  Type     Reason     Age                    From                               Message
  ----     ------     ----                   ----                               -------
  Normal   Scheduled  5m33s                  default-scheduler                  Successfully assigned onap/cc697w-tdpi-so-so-sdc-controller-6d94d57f95-rldqx to aks-nodepool1-30751440-1
  Normal   Pulling    5m31s                  kubelet, aks-nodepool1-30751440-1  Pulling image "oomk8s/readiness-check:2.0.2"
  Normal   Pulled     5m30s                  kubelet, aks-nodepool1-30751440-1  Successfully pulled image "oomk8s/readiness-check:2.0.2"
  Normal   Created    5m29s                  kubelet, aks-nodepool1-30751440-1  Created container so-sdc-controller-readiness
  Normal   Started    5m29s                  kubelet, aks-nodepool1-30751440-1  Started container so-sdc-controller-readiness
  Normal   Pulled     3m22s (x4 over 5m5s)   kubelet, aks-nodepool1-30751440-1  Successfully pulled image "onapci.westus2.cloudapp.azure.com:443/new-build/so/sdc-controller:96250-2"
  Normal   Created    3m22s (x4 over 5m1s)   kubelet, aks-nodepool1-30751440-1  Created container so-sdc-controller
  Normal   Started    3m21s (x4 over 4m58s)  kubelet, aks-nodepool1-30751440-1  Started container so-sdc-controller
  Warning  BackOff    2m51s (x5 over 4m18s)  kubelet, aks-nodepool1-30751440-1  Back-off restarting failed container
  Normal   Pulling    20s (x6 over 5m7s)     kubelet, aks-nodepool1-30751440-1  Pulling image "onapci.westus2.cloudapp.azure.com:443/new-build/so/sdc-controller:96250-2"
