Name:           cc697w-tdpi-so-so-bpmn-infra-d6bdb6866-n2t5n
Namespace:      onap
Priority:       0
Node:           aks-nodepool1-30751440-0/169.1.0.6
Start Time:     Tue, 01 Oct 2019 10:39:05 +0000
Labels:         app=so-bpmn-infra
                pod-template-hash=d6bdb6866
                release=cc697w-tdpi-so
Annotations:    <none>
Status:         Running
IP:             10.244.3.124
Controlled By:  ReplicaSet/cc697w-tdpi-so-so-bpmn-infra-d6bdb6866
Init Containers:
  so-bpmn-infra-readiness:
    Container ID:  docker://0e9dec23df526e3d5351de1323f54e5fcf1492b5cfb6d445d1677c596df1e545
    Image:         oomk8s/readiness-check:2.0.2
    Image ID:      docker-pullable://oomk8s/readiness-check@sha256:875814cc853d7d9b3227165740584c347884bc8c0d831b4148cb5f7952e4cbff
    Port:          <none>
    Host Port:     <none>
    Command:
      /root/job_complete.py
    Args:
      --job-name
      cc697w-tdpi-so-so-mariadb-config-job
    State:          Terminated
      Reason:       Completed
      Exit Code:    0
      Started:      Tue, 01 Oct 2019 10:39:09 +0000
      Finished:     Tue, 01 Oct 2019 10:39:30 +0000
    Ready:          True
    Restart Count:  0
    Environment:
      NAMESPACE:  onap (v1:metadata.namespace)
    Mounts:
      /var/run/secrets/kubernetes.io/serviceaccount from default-token-9l7dw (ro)
Containers:
  so-bpmn-infra:
    Container ID:   docker://8e4958a05aa1f561db90f1d2cb50593a9941fc9df26ffa59ec38522790d35a4f
    Image:          onapci.westus2.cloudapp.azure.com:443/new-build/so/bpmn-infra:96250-2
    Image ID:       docker-pullable://onapci.westus2.cloudapp.azure.com:443/new-build/so/bpmn-infra@sha256:0bdcb4f79ab601406eef27904a4d839f0b832881c941785a2aa97d6f38545545
    Port:           8081/TCP
    Host Port:      0/TCP
    State:          Running
      Started:      Tue, 01 Oct 2019 10:39:57 +0000
    Ready:          True
    Restart Count:  0
    Limits:
      cpu:     4
      memory:  8Gi
    Requests:
      cpu:     1
      memory:  2Gi
    Liveness:  http-get http://:8081/manage/health delay=600s timeout=10s period=60s #success=1 #failure=3
    Environment Variables from:
      cc697w-tdpi-so-so-bpmn-infra-configmap  ConfigMap  Optional: false
    Environment:
      DB_HOST:              <set to the key 'mariadb.readwrite.host' in secret 'cc697w-tdpi-so-so-db-secrets'>      Optional: false
      DB_PORT:              <set to the key 'mariadb.readwrite.port' in secret 'cc697w-tdpi-so-so-db-secrets'>      Optional: false
      DB_USERNAME:          <set to the key 'mariadb.readwrite.rolename' in secret 'cc697w-tdpi-so-so-db-secrets'>  Optional: false
      DB_PASSWORD:          <set to the key 'mariadb.readwrite.password' in secret 'cc697w-tdpi-so-so-db-secrets'>  Optional: false
      DB_ADMIN_USERNAME:    <set to the key 'mariadb.admin.rolename' in secret 'cc697w-tdpi-so-so-db-secrets'>      Optional: false
      DB_ADMIN_PASSWORD:    <set to the key 'mariadb.admin.password' in secret 'cc697w-tdpi-so-so-db-secrets'>      Optional: false
      TRUSTSTORE:           /app/org.onap.so.trust.jks
      TRUSTSTORE_PASSWORD:  <set to the key 'trustStorePassword' in secret 'cc697w-tdpi-so-so-trust-pass-secret'>  Optional: false
    Mounts:
      /app/config from config (ro)
      /app/logs from logs (rw)
      /app/org.onap.so.trust.jks from so-trust-secret (ro,path="org.onap.so.trust.jks")
      /app/so.keyfile from aaf-keyfile-secret (ro,path="so.keyfile")
      /var/run/secrets/kubernetes.io/serviceaccount from default-token-9l7dw (ro)
Conditions:
  Type              Status
  Initialized       True 
  Ready             True 
  ContainersReady   True 
  PodScheduled      True 
Volumes:
  logs:
    Type:       EmptyDir (a temporary directory that shares a pod's lifetime)
    Medium:     
    SizeLimit:  <unset>
  config:
    Type:      ConfigMap (a volume populated by a ConfigMap)
    Name:      cc697w-tdpi-so-so-bpmn-infra-app-configmap
    Optional:  false
  so-trust-secret:
    Type:        Secret (a volume populated by a Secret)
    SecretName:  cc697w-tdpi-so-so-trust-secret
    Optional:    false
  aaf-keyfile-secret:
    Type:        Secret (a volume populated by a Secret)
    SecretName:  cc697w-tdpi-so-so-keyfile-secret
    Optional:    false
  default-token-9l7dw:
    Type:        Secret (a volume populated by a Secret)
    SecretName:  default-token-9l7dw
    Optional:    false
QoS Class:       Burstable
Node-Selectors:  <none>
Tolerations:     node.kubernetes.io/not-ready:NoExecute for 300s
                 node.kubernetes.io/unreachable:NoExecute for 300s
Events:
  Type    Reason     Age    From                               Message
  ----    ------     ----   ----                               -------
  Normal  Scheduled  5m31s  default-scheduler                  Successfully assigned onap/cc697w-tdpi-so-so-bpmn-infra-d6bdb6866-n2t5n to aks-nodepool1-30751440-0
  Normal  Pulling    5m29s  kubelet, aks-nodepool1-30751440-0  Pulling image "oomk8s/readiness-check:2.0.2"
  Normal  Pulled     5m28s  kubelet, aks-nodepool1-30751440-0  Successfully pulled image "oomk8s/readiness-check:2.0.2"
  Normal  Created    5m27s  kubelet, aks-nodepool1-30751440-0  Created container so-bpmn-infra-readiness
  Normal  Started    5m27s  kubelet, aks-nodepool1-30751440-0  Started container so-bpmn-infra-readiness
  Normal  Pulling    5m2s   kubelet, aks-nodepool1-30751440-0  Pulling image "onapci.westus2.cloudapp.azure.com:443/new-build/so/bpmn-infra:96250-2"
  Normal  Pulled     4m44s  kubelet, aks-nodepool1-30751440-0  Successfully pulled image "onapci.westus2.cloudapp.azure.com:443/new-build/so/bpmn-infra:96250-2"
  Normal  Created    4m39s  kubelet, aks-nodepool1-30751440-0  Created container so-bpmn-infra
  Normal  Started    4m39s  kubelet, aks-nodepool1-30751440-0  Started container so-bpmn-infra
