Name:           cc697w-tdpi-so-so-monitoring-7bbfc4f965-pwhjg
Namespace:      onap
Priority:       0
Node:           aks-nodepool1-30751440-4/169.1.0.10
Start Time:     Fri, 27 Sep 2019 13:07:54 +0000
Labels:         app=so-monitoring
                pod-template-hash=7bbfc4f965
                release=cc697w-tdpi-so
Annotations:    <none>
Status:         Running
IP:             10.244.0.61
Controlled By:  ReplicaSet/cc697w-tdpi-so-so-monitoring-7bbfc4f965
Init Containers:
  so-chown:
    Container ID:  docker://55017f5f6947269115d30a515fd49e5ae6d593201671454c979a46b91f9a491a
    Image:         alpine:3.6
    Image ID:      docker-pullable://alpine@sha256:66790a2b79e1ea3e1dabac43990c54aca5d1ddf268d9a5a0285e4167c8b24475
    Port:          <none>
    Host Port:     <none>
    Command:
      /bin/sh
      -c
      chown -Rf 1000:1000 /app/logs
    State:          Terminated
      Reason:       Completed
      Exit Code:    0
      Started:      Fri, 27 Sep 2019 13:07:58 +0000
      Finished:     Fri, 27 Sep 2019 13:07:58 +0000
    Ready:          True
    Restart Count:  0
    Environment:    <none>
    Mounts:
      /app/logs from logs (rw)
      /var/run/secrets/kubernetes.io/serviceaccount from default-token-9l7dw (ro)
Containers:
  so-monitoring:
    Container ID:   docker://445551b8f44c84b7410af29411045942b626e2effb81fb119f2a47e2d839e752
    Image:          onapci.westus2.cloudapp.azure.com:443/new-build/so/so-monitoring:96250-2
    Image ID:       docker-pullable://onapci.westus2.cloudapp.azure.com:443/new-build/so/so-monitoring@sha256:a874d12d41663f6a15dc2e4b34ced1f1817fd446c68d1d6513ee3497e5049775
    Port:           9091/TCP
    Host Port:      0/TCP
    State:          Running
      Started:      Fri, 27 Sep 2019 14:56:14 +0000
    Ready:          True
    Restart Count:  0
    Limits:
      cpu:     1
      memory:  4Gi
    Requests:
      cpu:      10m
      memory:   1Gi
    Liveness:   tcp-socket :9091 delay=40s timeout=1s period=10s #success=1 #failure=3
    Readiness:  tcp-socket :9091 delay=20s timeout=1s period=10s #success=1 #failure=3
    Environment Variables from:
      cc697w-tdpi-so-so-monitoring-configmap  ConfigMap  Optional: false
    Environment:
      DB_HOST:            <set to the key 'mariadb.readwrite.host' in secret 'cc697w-tdpi-so-so-db-secrets'>      Optional: false
      DB_PORT:            <set to the key 'mariadb.readwrite.port' in secret 'cc697w-tdpi-so-so-db-secrets'>      Optional: false
      DB_USERNAME:        <set to the key 'mariadb.readwrite.rolename' in secret 'cc697w-tdpi-so-so-db-secrets'>  Optional: false
      DB_PASSWORD:        <set to the key 'mariadb.readwrite.password' in secret 'cc697w-tdpi-so-so-db-secrets'>  Optional: false
      DB_ADMIN_USERNAME:  <set to the key 'mariadb.admin.rolename' in secret 'cc697w-tdpi-so-so-db-secrets'>      Optional: false
      DB_ADMIN_PASSWORD:  <set to the key 'mariadb.admin.password' in secret 'cc697w-tdpi-so-so-db-secrets'>      Optional: false
    Mounts:
      /app/config from config (ro)
      /app/logs from logs (rw)
      /var/run/secrets/kubernetes.io/serviceaccount from default-token-9l7dw (ro)
Conditions:
  Type              Status
  Initialized       True 
  Ready             True 
  ContainersReady   True 
  PodScheduled      True 
Volumes:
  logs:
    Type:       EmptyDir (a temporary directory that shares a pod's lifetime)
    Medium:     
    SizeLimit:  <unset>
  config:
    Type:      ConfigMap (a volume populated by a ConfigMap)
    Name:      cc697w-tdpi-so-so-monitoring-app-configmap
    Optional:  false
  default-token-9l7dw:
    Type:        Secret (a volume populated by a Secret)
    SecretName:  default-token-9l7dw
    Optional:    false
QoS Class:       Burstable
Node-Selectors:  <none>
Tolerations:     node.kubernetes.io/not-ready:NoExecute for 300s
                 node.kubernetes.io/unreachable:NoExecute for 300s
Events:
  Type     Reason   Age                   From                               Message
  ----     ------   ----                  ----                               -------
  Warning  Failed   47m (x326 over 122m)  kubelet, aks-nodepool1-30751440-4  Error: ImagePullBackOff
  Normal   BackOff  17m (x459 over 122m)  kubelet, aks-nodepool1-30751440-4  Back-off pulling image "onapci.westus2.cloudapp.azure.com:443/new-build/so/so-monitoring:96250-2"
