Name:           cc697w-tdpi-so-so-vnfm-adapter-6d6c54949f-qgc6l
Namespace:      onap
Priority:       0
Node:           aks-nodepool1-30751440-2/169.1.0.4
Start Time:     Tue, 01 Oct 2019 10:39:06 +0000
Labels:         app=so-vnfm-adapter
                pod-template-hash=6d6c54949f
                release=cc697w-tdpi-so
Annotations:    <none>
Status:         Running
IP:             10.244.6.79
Controlled By:  ReplicaSet/cc697w-tdpi-so-so-vnfm-adapter-6d6c54949f
Containers:
  so-vnfm-adapter:
    Container ID:   docker://9555b3232712af5c6826839ff0aabed694b058d8be0d264c916e97886e78bd65
    Image:          onapci.westus2.cloudapp.azure.com:443/new-build/so/vnfm-adapter:96250-2
    Image ID:       docker-pullable://onapci.westus2.cloudapp.azure.com:443/new-build/so/vnfm-adapter@sha256:f96fea17554445383a2d03734a2ccbfbbb32c91d8a3071856a1a780435d2d84f
    Port:           9092/TCP
    Host Port:      0/TCP
    State:          Running
      Started:      Tue, 01 Oct 2019 10:39:15 +0000
    Ready:          True
    Restart Count:  0
    Limits:
      cpu:     2
      memory:  4Gi
    Requests:
      cpu:     500m
      memory:  1Gi
    Liveness:  tcp-socket :9092 delay=600s timeout=1s period=60s #success=1 #failure=3
    Environment Variables from:
      cc697w-tdpi-so-so-vnfm-adapter-configmap  ConfigMap  Optional: false
    Environment:
      TRUSTSTORE:           /app/org.onap.so.trust.jks
      TRUSTSTORE_PASSWORD:  <set to the key 'trustStorePassword' in secret 'cc697w-tdpi-so-so-trust-pass-secret'>  Optional: false
    Mounts:
      /app/config from config (ro)
      /app/logs from logs (rw)
      /app/org.onap.so.trust.jks from so-trust-secret (ro,path="org.onap.so.trust.jks")
      /app/so.keyfile from aaf-keyfile-secret (ro,path="so.keyfile")
      /var/run/secrets/kubernetes.io/serviceaccount from default-token-9l7dw (ro)
Conditions:
  Type              Status
  Initialized       True 
  Ready             True 
  ContainersReady   True 
  PodScheduled      True 
Volumes:
  logs:
    Type:       EmptyDir (a temporary directory that shares a pod's lifetime)
    Medium:     
    SizeLimit:  <unset>
  config:
    Type:      ConfigMap (a volume populated by a ConfigMap)
    Name:      cc697w-tdpi-so-so-vnfm-adapter-app-configmap
    Optional:  false
  so-trust-secret:
    Type:        Secret (a volume populated by a Secret)
    SecretName:  cc697w-tdpi-so-so-trust-secret
    Optional:    false
  aaf-keyfile-secret:
    Type:        Secret (a volume populated by a Secret)
    SecretName:  cc697w-tdpi-so-so-keyfile-secret
    Optional:    false
  default-token-9l7dw:
    Type:        Secret (a volume populated by a Secret)
    SecretName:  default-token-9l7dw
    Optional:    false
QoS Class:       Burstable
Node-Selectors:  <none>
Tolerations:     node.kubernetes.io/not-ready:NoExecute for 300s
                 node.kubernetes.io/unreachable:NoExecute for 300s
Events:
  Type    Reason     Age    From                               Message
  ----    ------     ----   ----                               -------
  Normal  Scheduled  5m33s  default-scheduler                  Successfully assigned onap/cc697w-tdpi-so-so-vnfm-adapter-6d6c54949f-qgc6l to aks-nodepool1-30751440-2
  Normal  Pulling    5m31s  kubelet, aks-nodepool1-30751440-2  Pulling image "onapci.westus2.cloudapp.azure.com:443/new-build/so/vnfm-adapter:96250-2"
  Normal  Pulled     5m28s  kubelet, aks-nodepool1-30751440-2  Successfully pulled image "onapci.westus2.cloudapp.azure.com:443/new-build/so/vnfm-adapter:96250-2"
  Normal  Created    5m24s  kubelet, aks-nodepool1-30751440-2  Created container so-vnfm-adapter
  Normal  Started    5m24s  kubelet, aks-nodepool1-30751440-2  Started container so-vnfm-adapter
