Name:           cc697w-tdpi-so-so-6868dc68bc-mf8wq
Namespace:      onap
Priority:       0
Node:           aks-nodepool1-30751440-2/169.1.0.4
Start Time:     Fri, 27 Sep 2019 13:07:56 +0000
Labels:         app=so
                pod-template-hash=6868dc68bc
                release=cc697w-tdpi-so
Annotations:    <none>
Status:         Running
IP:             10.244.6.78
Controlled By:  ReplicaSet/cc697w-tdpi-so-so-6868dc68bc
Init Containers:
  so-readiness:
    Container ID:  docker://0387623dafd502d10b763b39ae6b5401bafb618553b8cdbc38a374d473d4f7e2
    Image:         oomk8s/readiness-check:2.0.2
    Image ID:      docker-pullable://oomk8s/readiness-check@sha256:875814cc853d7d9b3227165740584c347884bc8c0d831b4148cb5f7952e4cbff
    Port:          <none>
    Host Port:     <none>
    Command:
      /root/job_complete.py
    Args:
      --job-name
      cc697w-tdpi-so-so-mariadb-config-job
    State:          Terminated
      Reason:       Completed
      Exit Code:    0
      Started:      Fri, 27 Sep 2019 13:08:01 +0000
      Finished:     Fri, 27 Sep 2019 13:08:12 +0000
    Ready:          True
    Restart Count:  0
    Environment:
      NAMESPACE:  onap (v1:metadata.namespace)
    Mounts:
      /var/run/secrets/kubernetes.io/serviceaccount from default-token-9l7dw (ro)
Containers:
  so:
    Container ID:   docker://9b8458750cc1fc442c1fbd3582f067a2d4bec59dd33cc9ea64b654c6c04355b8
    Image:          onapci.westus2.cloudapp.azure.com:443/new-build/so/api-handler-infra:96250-2
    Image ID:       docker-pullable://onapci.westus2.cloudapp.azure.com:443/new-build/so/api-handler-infra@sha256:df7a6395fc81d9f7b3f36d2cc248a3036c805b7174aebda03401037d697b46c4
    Port:           8080/TCP
    Host Port:      0/TCP
    State:          Running
      Started:      Fri, 27 Sep 2019 14:56:20 +0000
    Ready:          True
    Restart Count:  0
    Limits:
      cpu:     2
      memory:  4Gi
    Requests:
      cpu:     500m
      memory:  1Gi
    Liveness:  http-get http://:8080/manage/health delay=600s timeout=10s period=60s #success=1 #failure=3
    Environment Variables from:
      cc697w-tdpi-so-so-configmap  ConfigMap  Optional: false
    Environment:
      DB_HOST:            <set to the key 'mariadb.readwrite.host' in secret 'cc697w-tdpi-so-so-db-secrets'>      Optional: false
      DB_PORT:            <set to the key 'mariadb.readwrite.port' in secret 'cc697w-tdpi-so-so-db-secrets'>      Optional: false
      DB_USERNAME:        <set to the key 'mariadb.readwrite.rolename' in secret 'cc697w-tdpi-so-so-db-secrets'>  Optional: false
      DB_PASSWORD:        <set to the key 'mariadb.readwrite.password' in secret 'cc697w-tdpi-so-so-db-secrets'>  Optional: false
      DB_ADMIN_USERNAME:  <set to the key 'mariadb.admin.rolename' in secret 'cc697w-tdpi-so-so-db-secrets'>      Optional: false
      DB_ADMIN_PASSWORD:  <set to the key 'mariadb.admin.password' in secret 'cc697w-tdpi-so-so-db-secrets'>      Optional: false
    Mounts:
      /app/config from config (ro)
      /app/logs from logs (rw)
      /var/run/secrets/kubernetes.io/serviceaccount from default-token-9l7dw (ro)
Conditions:
  Type              Status
  Initialized       True 
  Ready             True 
  ContainersReady   True 
  PodScheduled      True 
Volumes:
  logs:
    Type:       EmptyDir (a temporary directory that shares a pod's lifetime)
    Medium:     
    SizeLimit:  <unset>
  config:
    Type:      ConfigMap (a volume populated by a ConfigMap)
    Name:      cc697w-tdpi-so-so-app-configmap
    Optional:  false
  default-token-9l7dw:
    Type:        Secret (a volume populated by a Secret)
    SecretName:  default-token-9l7dw
    Optional:    false
QoS Class:       Burstable
Node-Selectors:  <none>
Tolerations:     node.kubernetes.io/not-ready:NoExecute for 300s
                 node.kubernetes.io/unreachable:NoExecute for 300s
Events:
  Type     Reason   Age                   From                               Message
  ----     ------   ----                  ----                               -------
  Normal   BackOff  21m (x435 over 121m)  kubelet, aks-nodepool1-30751440-2  Back-off pulling image "onapci.westus2.cloudapp.azure.com:443/new-build/so/api-handler-infra:96250-2"
  Warning  Failed   17m (x457 over 121m)  kubelet, aks-nodepool1-30751440-2  Error: ImagePullBackOff
