Name:           cc697w-tdpi-so-so-sdnc-adapter-6cf86b445-lmf4n
Namespace:      onap
Priority:       0
Node:           aks-nodepool1-30751440-1/169.1.0.9
Start Time:     Fri, 27 Sep 2019 13:07:55 +0000
Labels:         app=so-sdnc-adapter
                pod-template-hash=6cf86b445
                release=cc697w-tdpi-so
Annotations:    <none>
Status:         Running
IP:             10.244.1.41
Controlled By:  ReplicaSet/cc697w-tdpi-so-so-sdnc-adapter-6cf86b445
Containers:
  so-sdnc-adapter:
    Container ID:   docker://da7ddfcd5cfd37148ce3c4b208d6e0be6ff9e93411a93f39e94466cdfc95dc13
    Image:          onapci.westus2.cloudapp.azure.com:443/new-build/so/sdnc-adapter:96250-2
    Image ID:       docker-pullable://onapci.westus2.cloudapp.azure.com:443/new-build/so/sdnc-adapter@sha256:3a5a5088ff682f2829addd6dffb8d6f355b8a90d90374640f4b892aa20e162b6
    Port:           8086/TCP
    Host Port:      0/TCP
    State:          Running
      Started:      Fri, 27 Sep 2019 15:01:01 +0000
    Ready:          True
    Restart Count:  0
    Limits:
      cpu:     2
      memory:  4Gi
    Requests:
      cpu:     500m
      memory:  1Gi
    Liveness:  http-get http://:8086/manage/health delay=600s timeout=10s period=60s #success=1 #failure=3
    Environment Variables from:
      cc697w-tdpi-so-so-sdnc-adapter-configmap  ConfigMap  Optional: false
    Environment:
      DB_HOST:            <set to the key 'mariadb.readwrite.host' in secret 'cc697w-tdpi-so-so-db-secrets'>      Optional: false
      DB_PORT:            <set to the key 'mariadb.readwrite.port' in secret 'cc697w-tdpi-so-so-db-secrets'>      Optional: false
      DB_USERNAME:        <set to the key 'mariadb.readwrite.rolename' in secret 'cc697w-tdpi-so-so-db-secrets'>  Optional: false
      DB_PASSWORD:        <set to the key 'mariadb.readwrite.password' in secret 'cc697w-tdpi-so-so-db-secrets'>  Optional: false
      DB_ADMIN_USERNAME:  <set to the key 'mariadb.admin.rolename' in secret 'cc697w-tdpi-so-so-db-secrets'>      Optional: false
      DB_ADMIN_PASSWORD:  <set to the key 'mariadb.admin.password' in secret 'cc697w-tdpi-so-so-db-secrets'>      Optional: false
    Mounts:
      /app/config from config (ro)
      /app/logs from logs (rw)
      /var/run/secrets/kubernetes.io/serviceaccount from default-token-9l7dw (ro)
Conditions:
  Type              Status
  Initialized       True 
  Ready             True 
  ContainersReady   True 
  PodScheduled      True 
Volumes:
  logs:
    Type:       EmptyDir (a temporary directory that shares a pod's lifetime)
    Medium:     
    SizeLimit:  <unset>
  config:
    Type:      ConfigMap (a volume populated by a ConfigMap)
    Name:      cc697w-tdpi-so-so-sdnc-adapter-app-configmap
    Optional:  false
  default-token-9l7dw:
    Type:        Secret (a volume populated by a Secret)
    SecretName:  default-token-9l7dw
    Optional:    false
QoS Class:       Burstable
Node-Selectors:  <none>
Tolerations:     node.kubernetes.io/not-ready:NoExecute for 300s
                 node.kubernetes.io/unreachable:NoExecute for 300s
Events:
  Type     Reason   Age                   From                               Message
  ----     ------   ----                  ----                               -------
  Normal   BackOff  32m (x397 over 122m)  kubelet, aks-nodepool1-30751440-1  Back-off pulling image "onapci.westus2.cloudapp.azure.com:443/new-build/so/sdnc-adapter:96250-2"
  Warning  Failed   12m (x485 over 122m)  kubelet, aks-nodepool1-30751440-1  Error: ImagePullBackOff
