Name:           cc697w-tdpi-clamp-clamp-backend-854cb4569b-9rnnv
Namespace:      onap
Priority:       0
Node:           aks-nodepool1-30751440-0/169.1.0.6
Start Time:     Tue, 24 Sep 2019 16:52:36 +0000
Labels:         app=clamp-backend
                pod-template-hash=854cb4569b
                release=cc697w-tdpi-clamp
Annotations:    <none>
Status:         Running
IP:             10.244.3.116
Controlled By:  ReplicaSet/cc697w-tdpi-clamp-clamp-backend-854cb4569b
Init Containers:
  clamp-backend-readiness:
    Container ID:  docker://b681bd8e0c19aa8e2f42261deddcaad76afc5d0d85a19faf96ed845eb6feb0ed
    Image:         oomk8s/readiness-check:2.0.0
    Image ID:      docker-pullable://oomk8s/readiness-check@sha256:7daa08b81954360a1111d03364febcb3dcfeb723bcc12ce3eb3ed3e53f2323ed
    Port:          <none>
    Host Port:     <none>
    Command:
      /root/ready.py
    Args:
      --container-name
      mariadb
    State:          Terminated
      Reason:       Completed
      Exit Code:    0
      Started:      Tue, 24 Sep 2019 16:52:41 +0000
      Finished:     Tue, 24 Sep 2019 16:52:43 +0000
    Ready:          True
    Restart Count:  0
    Environment:
      NAMESPACE:  onap (v1:metadata.namespace)
    Mounts:
      /var/run/secrets/kubernetes.io/serviceaccount from default-token-9l7dw (ro)
Containers:
  clamp-backend-filebeat-onap:
    Container ID:   docker://83ee9e8e2839f82f814e5a4115c170c42b6bdfcaf1b71c0b4b4a98dd7e98b35f
    Image:          docker.elastic.co/beats/filebeat:5.5.0
    Image ID:       docker-pullable://docker.elastic.co/beats/filebeat@sha256:fe7602b641ed8ee288f067f7b31ebde14644c4722d9f7960f176d621097a5942
    Port:           <none>
    Host Port:      <none>
    State:          Running
      Started:      Tue, 24 Sep 2019 16:52:46 +0000
    Ready:          True
    Restart Count:  0
    Environment:    <none>
    Mounts:
      /usr/share/filebeat/data from cc697w-tdpi-clamp-clamp-backend-data-filebeat (rw)
      /usr/share/filebeat/filebeat.yml from cc697w-tdpi-clamp-clamp-backend-filebeat-conf (rw,path="filebeat.yml")
      /var/log/onap from cc697w-tdpi-clamp-clamp-backend-logs (rw)
      /var/run/secrets/kubernetes.io/serviceaccount from default-token-9l7dw (ro)
  clamp-backend:
    Container ID:  docker://c327d9afe124f1983119773236ee2855c8e24042c279d26b93f0ea2bb2d49d8b
    Image:         onapci.westus2.cloudapp.azure.com:443/new-build/clamp-backend:95897-2
    Image ID:      docker-pullable://onapci.westus2.cloudapp.azure.com:443/new-build/clamp-backend@sha256:e3283e55b3ce9ecfef5b62be5470066afc30898f664052e81107f2615892830f
    Port:          8443/TCP
    Host Port:     0/TCP
    Args:
      -Dcom.att.eelf.logging.file=file:/opt/clamp/logback.xml
      
    State:          Running
      Started:      Tue, 24 Sep 2019 16:52:55 +0000
    Ready:          True
    Restart Count:  0
    Limits:
      cpu:     1
      memory:  1288490188800m
    Requests:
      cpu:      10m
      memory:   800Mi
    Liveness:   tcp-socket :8443 delay=120s timeout=1s period=10s #success=1 #failure=3
    Readiness:  tcp-socket :8443 delay=10s timeout=1s period=10s #success=1 #failure=3
    Environment:
      SPRING_APPLICATION_JSON:  <set to the key 'spring_application_json' of config map 'cc697w-tdpi-clamp-clamp-backend'>  Optional: false
    Mounts:
      /opt/clamp/logback.xml from cc697w-tdpi-clamp-clamp-backend-config (rw,path="logback.xml")
      /opt/clamp/sdc-controllers-config.json from cc697w-tdpi-clamp-clamp-backend-config (rw,path="sdc-controllers-config.json")
      /var/log/onap from cc697w-tdpi-clamp-clamp-backend-logs (rw)
      /var/run/secrets/kubernetes.io/serviceaccount from default-token-9l7dw (ro)
Conditions:
  Type              Status
  Initialized       True 
  Ready             True 
  ContainersReady   True 
  PodScheduled      True 
Volumes:
  cc697w-tdpi-clamp-clamp-backend-config:
    Type:      ConfigMap (a volume populated by a ConfigMap)
    Name:      cc697w-tdpi-clamp-clamp-backend
    Optional:  false
  cc697w-tdpi-clamp-clamp-backend-filebeat-conf:
    Type:      ConfigMap (a volume populated by a ConfigMap)
    Name:      cc697w-tdpi-clamp-clamp-filebeat-configmap
    Optional:  false
  cc697w-tdpi-clamp-clamp-backend-data-filebeat:
    Type:       EmptyDir (a temporary directory that shares a pod's lifetime)
    Medium:     
    SizeLimit:  <unset>
  cc697w-tdpi-clamp-clamp-backend-logs:
    Type:       EmptyDir (a temporary directory that shares a pod's lifetime)
    Medium:     
    SizeLimit:  <unset>
  default-token-9l7dw:
    Type:        Secret (a volume populated by a Secret)
    SecretName:  default-token-9l7dw
    Optional:    false
QoS Class:       Burstable
Node-Selectors:  <none>
Tolerations:     node.kubernetes.io/not-ready:NoExecute for 300s
                 node.kubernetes.io/unreachable:NoExecute for 300s
Events:          <none>
