Name:           cc697w-tdpi-clamp-clamp-dash-logstash-58cb5c9dc6-kntr8
Namespace:      onap
Priority:       0
Node:           aks-nodepool1-30751440-0/169.1.0.6
Start Time:     Tue, 24 Sep 2019 16:52:36 +0000
Labels:         app=clamp-dash-logstash
                pod-template-hash=58cb5c9dc6
                release=cc697w-tdpi-clamp
Annotations:    <none>
Status:         Pending
IP:             10.244.3.115
Controlled By:  ReplicaSet/cc697w-tdpi-clamp-clamp-dash-logstash-58cb5c9dc6
Init Containers:
  clamp-dash-logstash-readiness:
    Container ID:  docker://892a6b88e6e14e4bcba578ee9bdecb3b845dd9fb4a757f9b9602ef7b898f6cbf
    Image:         oomk8s/readiness-check:2.0.0
    Image ID:      docker-pullable://oomk8s/readiness-check@sha256:7daa08b81954360a1111d03364febcb3dcfeb723bcc12ce3eb3ed3e53f2323ed
    Port:          <none>
    Host Port:     <none>
    Command:
      /root/ready.py
    Args:
      --container-name
      clamp-dash-es
    State:          Running
      Started:      Wed, 25 Sep 2019 10:44:31 +0000
    Last State:     Terminated
      Reason:       Error
      Exit Code:    1
      Started:      Wed, 25 Sep 2019 10:34:24 +0000
      Finished:     Wed, 25 Sep 2019 10:44:27 +0000
    Ready:          False
    Restart Count:  106
    Environment:
      NAMESPACE:  onap (v1:metadata.namespace)
    Mounts:
      /var/run/secrets/kubernetes.io/serviceaccount from default-token-9l7dw (ro)
Containers:
  clamp-dash-logstash:
    Container ID:   
    Image:          onapci.westus2.cloudapp.azure.com:443/new-build/clamp-dashboard-logstash:95897-2
    Image ID:       
    Port:           9600/TCP
    Host Port:      0/TCP
    State:          Waiting
      Reason:       PodInitializing
    Ready:          False
    Restart Count:  0
    Limits:
      cpu:     1
      memory:  1395864371200m
    Requests:
      cpu:      10m
      memory:   750Mi
    Liveness:   tcp-socket :9600 delay=120s timeout=1s period=10s #success=1 #failure=3
    Readiness:  tcp-socket :9600 delay=10s timeout=1s period=10s #success=1 #failure=3
    Environment:
      dmaap_consumer_group:    clampdashboard
      dmaap_consumer_id:       clampdashboard
      event_topic:             DCAE-CL-EVENT
      notification_topic:      POLICY-CL-MGT
      request_topic:           APPC-CL
      dmaap_base_url:          https://message-router.onap:3905
      logstash_user:           logstash
      logstash_pwd:            logstash
      elasticsearch_base_url:  http://cdash-es.onap.svc.cluster.local:9200
    Mounts:
      /certs.d/ from cc697w-tdpi-clamp-clamp-dash-logstash-aaf-certs (rw)
      /etc/localtime from localtime (ro)
      /usr/share/logstash/config/logstash.yml from cc697w-tdpi-clamp-clamp-dash-logstash (rw,path="logstash.yml")
      /usr/share/logstash/pipeline/logstash.conf from cc697w-tdpi-clamp-clamp-dash-logstash (rw,path="pipeline.conf")
      /var/run/secrets/kubernetes.io/serviceaccount from default-token-9l7dw (ro)
Conditions:
  Type              Status
  Initialized       False 
  Ready             False 
  ContainersReady   False 
  PodScheduled      True 
Volumes:
  localtime:
    Type:          HostPath (bare host directory volume)
    Path:          /etc/localtime
    HostPathType:  
  cc697w-tdpi-clamp-clamp-dash-logstash:
    Type:      ConfigMap (a volume populated by a ConfigMap)
    Name:      cc697w-tdpi-clamp-clamp-dash-logstash
    Optional:  false
  cc697w-tdpi-clamp-clamp-dash-logstash-aaf-certs:
    Type:        Secret (a volume populated by a Secret)
    SecretName:  cc697w-tdpi-clamp-clamp-dash-logstash-aaf-keys
    Optional:    false
  default-token-9l7dw:
    Type:        Secret (a volume populated by a Secret)
    SecretName:  default-token-9l7dw
    Optional:    false
QoS Class:       Burstable
Node-Selectors:  <none>
Tolerations:     node.kubernetes.io/not-ready:NoExecute for 300s
                 node.kubernetes.io/unreachable:NoExecute for 300s
Events:
  Type    Reason   Age                    From                               Message
  ----    ------   ----                   ----                               -------
  Normal  Pulling  5m12s (x107 over 17h)  kubelet, aks-nodepool1-30751440-0  Pulling image "oomk8s/readiness-check:2.0.0"
  Normal  Pulled   5m11s (x107 over 17h)  kubelet, aks-nodepool1-30751440-0  Successfully pulled image "oomk8s/readiness-check:2.0.0"
