Name:           cc697w-tdpi-clamp-mariadb-5bf4d5c489-f9wbl
Namespace:      onap
Priority:       0
Node:           aks-nodepool1-30751440-0/169.1.0.6
Start Time:     Wed, 18 Sep 2019 11:50:58 +0000
Labels:         app=mariadb
                pod-template-hash=5bf4d5c489
                release=cc697w-tdpi-clamp
Annotations:    <none>
Status:         Running
IP:             10.244.3.69
Controlled By:  ReplicaSet/cc697w-tdpi-clamp-mariadb-5bf4d5c489
Containers:
  mariadb:
    Container ID:   docker://825c64beff947e8bd7ef36005669846e70503217d1590f115717a5764c6d691a
    Image:          nexus3.onap.org:10001/mariadb:10.3.12
    Image ID:       docker-pullable://nexus3.onap.org:10001/mariadb@sha256:5e170779a154cce2511966ea94e9197ec74dc57feb899670f056d16e3d745e77
    Port:           3306/TCP
    Host Port:      0/TCP
    State:          Running
      Started:      Wed, 18 Sep 2019 11:51:19 +0000
    Ready:          True
    Restart Count:  0
    Limits:
      cpu:     1
      memory:  500Mi
    Requests:
      cpu:      10m
      memory:   200Mi
    Liveness:   tcp-socket :3306 delay=10s timeout=1s period=10s #success=1 #failure=3
    Readiness:  tcp-socket :3306 delay=10s timeout=1s period=10s #success=1 #failure=3
    Environment:
      MYSQL_ROOT_PASSWORD:  <set to the key 'db-root-password' in secret 'cc697w-tdpi-clamp-mariadb'>  Optional: false
    Mounts:
      /docker-entrypoint-initdb.d/bulkload/ from docker-entrypoint-bulkload (rw)
      /docker-entrypoint-initdb.d/drop/ from docker-entrypoint-clds-drop (rw)
      /docker-entrypoint-initdb.d/load-sql-files-tests-automation.sh from docker-entrypoint-initdb (rw,path="load-sql-files-tests-automation.sh")
      /etc/localtime from localtime (ro)
      /etc/mysql/conf.d/conf1/ from clamp-mariadb-conf (rw)
      /var/lib/mysql from clamp-mariadb-data (rw)
      /var/run/secrets/kubernetes.io/serviceaccount from default-token-9l7dw (ro)
Conditions:
  Type              Status
  Initialized       True 
  Ready             True 
  ContainersReady   True 
  PodScheduled      True 
Volumes:
  clamp-mariadb-data:
    Type:       PersistentVolumeClaim (a reference to a PersistentVolumeClaim in the same namespace)
    ClaimName:  cc697w-tdpi-clamp-mariadb
    ReadOnly:   false
  docker-entrypoint-initdb:
    Type:      ConfigMap (a volume populated by a ConfigMap)
    Name:      clamp-entrypoint-initdb-configmap
    Optional:  false
  docker-entrypoint-clds-drop:
    Type:      ConfigMap (a volume populated by a ConfigMap)
    Name:      clamp-entrypoint-drop-configmap
    Optional:  false
  docker-entrypoint-bulkload:
    Type:      ConfigMap (a volume populated by a ConfigMap)
    Name:      clamp-entrypoint-bulkload-configmap
    Optional:  false
  clamp-mariadb-conf:
    Type:      ConfigMap (a volume populated by a ConfigMap)
    Name:      clamp-mariadb-conf-configmap
    Optional:  false
  localtime:
    Type:          HostPath (bare host directory volume)
    Path:          /etc/localtime
    HostPathType:  
  default-token-9l7dw:
    Type:        Secret (a volume populated by a Secret)
    SecretName:  default-token-9l7dw
    Optional:    false
QoS Class:       Burstable
Node-Selectors:  <none>
Tolerations:     node.kubernetes.io/not-ready:NoExecute for 300s
                 node.kubernetes.io/unreachable:NoExecute for 300s
Events:          <none>
