Name:           cc697wonapci1lq3-clamp-clamp-dash-logstash-6dd774fcbb-6l7fc
Namespace:      onap
Priority:       0
Node:           aks-nodepool1-12261238-0/169.1.0.4
Start Time:     Mon, 07 Oct 2019 15:33:55 +0000
Labels:         app=clamp-dash-logstash
                pod-template-hash=6dd774fcbb
                release=cc697wonapci1lq3-clamp
Annotations:    <none>
Status:         Pending
IP:             10.244.2.23
IPs:            <none>
Controlled By:  ReplicaSet/cc697wonapci1lq3-clamp-clamp-dash-logstash-6dd774fcbb
Init Containers:
  clamp-dash-logstash-readiness:
    Container ID:  docker://2496246302d7b7025b77b6bfa33f9fcf39bd557ccfce0bc0204ab9ea1cb56f92
    Image:         oomk8s/readiness-check:2.0.0
    Image ID:      docker-pullable://oomk8s/readiness-check@sha256:7daa08b81954360a1111d03364febcb3dcfeb723bcc12ce3eb3ed3e53f2323ed
    Port:          <none>
    Host Port:     <none>
    Command:
      /root/ready.py
    Args:
      --container-name
      clamp-dash-es
    State:          Running
      Started:      Mon, 07 Oct 2019 15:34:02 +0000
    Ready:          False
    Restart Count:  0
    Environment:
      NAMESPACE:  onap (v1:metadata.namespace)
    Mounts:
      /var/run/secrets/kubernetes.io/serviceaccount from default-token-vp7rc (ro)
Containers:
  clamp-dash-logstash:
    Container ID:   
    Image:          onapci-jenkins.westus2.cloudapp.azure.com:443/new-build/clamp-dashboard-logstash:95897-3
    Image ID:       
    Port:           9600/TCP
    Host Port:      0/TCP
    State:          Waiting
      Reason:       PodInitializing
    Ready:          False
    Restart Count:  0
    Limits:
      cpu:     1
      memory:  1395864371200m
    Requests:
      cpu:      10m
      memory:   750Mi
    Liveness:   tcp-socket :9600 delay=120s timeout=1s period=10s #success=1 #failure=3
    Readiness:  tcp-socket :9600 delay=10s timeout=1s period=10s #success=1 #failure=3
    Environment:
      dmaap_consumer_group:    clampdashboard
      dmaap_consumer_id:       clampdashboard
      event_topic:             DCAE-CL-EVENT
      notification_topic:      POLICY-CL-MGT
      request_topic:           APPC-CL
      dmaap_base_url:          https://message-router.onap:3905
      logstash_user:           logstash
      logstash_pwd:            logstash
      elasticsearch_base_url:  http://cdash-es.onap.svc.cluster.local:9200
    Mounts:
      /certs.d/ from cc697wonapci1lq3-clamp-clamp-dash-logstash-aaf-certs (rw)
      /etc/localtime from localtime (ro)
      /usr/share/logstash/config/logstash.yml from cc697wonapci1lq3-clamp-clamp-dash-logstash (rw,path="logstash.yml")
      /usr/share/logstash/pipeline/logstash.conf from cc697wonapci1lq3-clamp-clamp-dash-logstash (rw,path="pipeline.conf")
      /var/run/secrets/kubernetes.io/serviceaccount from default-token-vp7rc (ro)
Conditions:
  Type              Status
  Initialized       False 
  Ready             False 
  ContainersReady   False 
  PodScheduled      True 
Volumes:
  localtime:
    Type:          HostPath (bare host directory volume)
    Path:          /etc/localtime
    HostPathType:  
  cc697wonapci1lq3-clamp-clamp-dash-logstash:
    Type:      ConfigMap (a volume populated by a ConfigMap)
    Name:      cc697wonapci1lq3-clamp-clamp-dash-logstash
    Optional:  false
  cc697wonapci1lq3-clamp-clamp-dash-logstash-aaf-certs:
    Type:        Secret (a volume populated by a Secret)
    SecretName:  cc697wonapci1lq3-clamp-clamp-dash-logstash-aaf-keys
    Optional:    false
  default-token-vp7rc:
    Type:        Secret (a volume populated by a Secret)
    SecretName:  default-token-vp7rc
    Optional:    false
QoS Class:       Burstable
Node-Selectors:  <none>
Tolerations:     node.kubernetes.io/not-ready:NoExecute for 300s
                 node.kubernetes.io/unreachable:NoExecute for 300s
Events:
  Type    Reason     Age   From                               Message
  ----    ------     ----  ----                               -------
  Normal  Scheduled  5m8s  default-scheduler                  Successfully assigned onap/cc697wonapci1lq3-clamp-clamp-dash-logstash-6dd774fcbb-6l7fc to aks-nodepool1-12261238-0
  Normal  Pulling    5m4s  kubelet, aks-nodepool1-12261238-0  Pulling image "oomk8s/readiness-check:2.0.0"
  Normal  Pulled     5m1s  kubelet, aks-nodepool1-12261238-0  Successfully pulled image "oomk8s/readiness-check:2.0.0"
  Normal  Created    5m1s  kubelet, aks-nodepool1-12261238-0  Created container clamp-dash-logstash-readiness
  Normal  Started    5m1s  kubelet, aks-nodepool1-12261238-0  Started container clamp-dash-logstash-readiness
